                                                               
                                                               
  The Finite Element Interpreter                               
                                                               
  Real ESSI                                                  
  Earthquake Soil Structure Interaction Simulator            
                                                             
  Sequential processing mode.                                
                                                             
Version Name   : Academic Version. Release date: Apr 9 2017 at 11:19:12. Tag: 0e09418010
Version Branch : yuan
Compile Date   : Apr 12 2017 at 18:42:18
Compile User   : yuan
Compile Sysinfo: cml01 4.4.0-72-generic x86_64 GNU/Linux
Runtime User   : Runtime Sysinfo: Time Now       : Apr 13 2017 at 10:15:03
                                                               
Static startup tips:                                           
 * Remember: Every command ends with a semicolon ';'.          
 * Type 'quit;' or 'exit;' to finish.                          
 * Run 'essi -h' to see available command line options.        
                                                               
Including: "main.fei"


Model name is being set to "veri_newmark"



Starting new stage: static

changing previous_stage_name from  to static

Starting sequential static multistep analysis
====================================================================================================
Creating analysis model........................................................................Pass!
Checking constraint handler....................................................................Pass!
Checking numberer..............................................................................Pass!
Checking analysis algorithm....................................................................Pass!
Checking system of equation handler............................................................Pass!
Checking static integration handler............................................................Pass!

 
 Writing Initial Conditions and   (0) - Outputting mesh.

Static Analysis: [    1/1    ] 

> Analysis End -------------------------------------------------------------------------------


Starting new stage: dynamic

changing previous_stage_name from static to dynamic
BandArpackSolver::Error with _saupd info = -3
NCV must be greater than NEV and less than or equal to N.
WARNING DirectIntegrationAnalysis::eigen() - EigenSOE failed in solve()
 (0) - Outputting mesh.
Node::getEigenvectors() - eigenvectors have not been set
Caught SIGSEGV! Program ending.
