                                                               
                                                               
  The Finite Element Interpreter                               
                                                               
  Real ESSI                                                  
  Earthquake Soil Structure Interaction Simulator            
                                                             
  Sequential processing mode.                                
                                                             
Version Name   : Academic Version. Release date: Apr 9 2017 at 11:19:12. Tag: 0e09418010
Version Branch : yuan
Compile Date   : Apr 12 2017 at 18:42:18
Compile User   : yuan
Compile Sysinfo: cml01 4.4.0-72-generic x86_64 GNU/Linux
Runtime User   : Runtime Sysinfo: Time Now       : Apr 13 2017 at 10:09:42
                                                               
Static startup tips:                                           
 * Remember: Every command ends with a semicolon ';'.          
 * Type 'quit;' or 'exit;' to finish.                          
 * Run 'essi -h' to see available command line options.        
                                                               
Including: "main.fei"


Model name is being set to "veri_newmark"



Starting new stage: static

changing previous_stage_name from  to static

Starting sequential static multistep analysis
====================================================================================================
Creating analysis model........................................................................Pass!
Checking constraint handler....................................................................Pass!
Checking numberer..............................................................................Pass!
Checking analysis algorithm....................................................................Pass!
Checking system of equation handler............................................................Pass!
Checking static integration handler............................................................Pass!

 
 Writing Initial Conditions and   (0) - Outputting mesh.

Static Analysis: [    1/1    ] 

> Analysis End -------------------------------------------------------------------------------


Starting new stage: dynamic

changing previous_stage_name from static to dynamic

Starting sequential transient multistep analysis
====================================================================================================
Creating analysis model........................................................................Pass!
Checking constraint handler....................................................................Pass!
Checking numberer..............................................................................Pass!
Checking analysis algorithm....................................................................Pass!
Checking system of equation handler............................................................Pass!
Checking transient integration handler.........................................................Pass!
Setting up the DirectIntegrationAnalysis.......................................................Done!



> Analysis Start -----------------------------------------------------------------------------
 
 Writing Initial Conditions and   (0) - Outputting mesh.

Transient Analysis: [1    /2000 ] 

Transient Analysis: [2    /2000 ] 

Transient Analysis: [3    /2000 ] 

Transient Analysis: [4    /2000 ] 

Transient Analysis: [5    /2000 ] 

Transient Analysis: [6    /2000 ] 

Transient Analysis: [7    /2000 ] 

Transient Analysis: [8    /2000 ] 

Transient Analysis: [9    /2000 ] 

Transient Analysis: [10   /2000 ] 

Transient Analysis: [11   /2000 ] 

Transient Analysis: [12   /2000 ] 

Transient Analysis: [13   /2000 ] 

Transient Analysis: [14   /2000 ] 

Transient Analysis: [15   /2000 ] 

Transient Analysis: [16   /2000 ] 

Transient Analysis: [17   /2000 ] 

Transient Analysis: [18   /2000 ] 

Transient Analysis: [19   /2000 ] 

Transient Analysis: [20   /2000 ] 

Transient Analysis: [21   /2000 ] 

Transient Analysis: [22   /2000 ] 

Transient Analysis: [23   /2000 ] 

Transient Analysis: [24   /2000 ] 

Transient Analysis: [25   /2000 ] 

Transient Analysis: [26   /2000 ] 

Transient Analysis: [27   /2000 ] 

Transient Analysis: [28   /2000 ] 

Transient Analysis: [29   /2000 ] 

Transient Analysis: [30   /2000 ] 

Transient Analysis: [31   /2000 ] 

Transient Analysis: [32   /2000 ] 

Transient Analysis: [33   /2000 ] 

Transient Analysis: [34   /2000 ] 

Transient Analysis: [35   /2000 ] 

Transient Analysis: [36   /2000 ] 

Transient Analysis: [37   /2000 ] 

Transient Analysis: [38   /2000 ] 

Transient Analysis: [39   /2000 ] 

Transient Analysis: [40   /2000 ] 

Transient Analysis: [41   /2000 ] 

Transient Analysis: [42   /2000 ] 

Transient Analysis: [43   /2000 ] 

Transient Analysis: [44   /2000 ] 

Transient Analysis: [45   /2000 ] 

Transient Analysis: [46   /2000 ] 

Transient Analysis: [47   /2000 ] 

Transient Analysis: [48   /2000 ] 

Transient Analysis: [49   /2000 ] 

Transient Analysis: [50   /2000 ] 

Transient Analysis: [51   /2000 ] 

Transient Analysis: [52   /2000 ] 

Transient Analysis: [53   /2000 ] 

Transient Analysis: [54   /2000 ] 

Transient Analysis: [55   /2000 ] 

Transient Analysis: [56   /2000 ] 

Transient Analysis: [57   /2000 ] 

Transient Analysis: [58   /2000 ] 

Transient Analysis: [59   /2000 ] 

Transient Analysis: [60   /2000 ] 

Transient Analysis: [61   /2000 ] 

Transient Analysis: [62   /2000 ] 

Transient Analysis: [63   /2000 ] 

Transient Analysis: [64   /2000 ] 

Transient Analysis: [65   /2000 ] 

Transient Analysis: [66   /2000 ] 

Transient Analysis: [67   /2000 ] 

Transient Analysis: [68   /2000 ] 

Transient Analysis: [69   /2000 ] 

Transient Analysis: [70   /2000 ] 

Transient Analysis: [71   /2000 ] 

Transient Analysis: [72   /2000 ] 

Transient Analysis: [73   /2000 ] 

Transient Analysis: [74   /2000 ] 

Transient Analysis: [75   /2000 ] 

Transient Analysis: [76   /2000 ] 

Transient Analysis: [77   /2000 ] 

Transient Analysis: [78   /2000 ] 

Transient Analysis: [79   /2000 ] 

Transient Analysis: [80   /2000 ] 

Transient Analysis: [81   /2000 ] 

Transient Analysis: [82   /2000 ] 

Transient Analysis: [83   /2000 ] 

Transient Analysis: [84   /2000 ] 

Transient Analysis: [85   /2000 ] 

Transient Analysis: [86   /2000 ] 

Transient Analysis: [87   /2000 ] 

Transient Analysis: [88   /2000 ] 

Transient Analysis: [89   /2000 ] 

Transient Analysis: [90   /2000 ] 

Transient Analysis: [91   /2000 ] 

Transient Analysis: [92   /2000 ] 

Transient Analysis: [93   /2000 ] 

Transient Analysis: [94   /2000 ] 

Transient Analysis: [95   /2000 ] 

Transient Analysis: [96   /2000 ] 

Transient Analysis: [97   /2000 ] 

Transient Analysis: [98   /2000 ] 

Transient Analysis: [99   /2000 ] 

Transient Analysis: [100  /2000 ] 

Transient Analysis: [101  /2000 ] 

Transient Analysis: [102  /2000 ] 

Transient Analysis: [103  /2000 ] 

Transient Analysis: [104  /2000 ] 

Transient Analysis: [105  /2000 ] 

Transient Analysis: [106  /2000 ] 

Transient Analysis: [107  /2000 ] 

Transient Analysis: [108  /2000 ] 

Transient Analysis: [109  /2000 ] 

Transient Analysis: [110  /2000 ] 

Transient Analysis: [111  /2000 ] 

Transient Analysis: [112  /2000 ] 

Transient Analysis: [113  /2000 ] 

Transient Analysis: [114  /2000 ] 

Transient Analysis: [115  /2000 ] 

Transient Analysis: [116  /2000 ] 

Transient Analysis: [117  /2000 ] 

Transient Analysis: [118  /2000 ] 

Transient Analysis: [119  /2000 ] 

Transient Analysis: [120  /2000 ] 

Transient Analysis: [121  /2000 ] 

Transient Analysis: [122  /2000 ] 

Transient Analysis: [123  /2000 ] 

Transient Analysis: [124  /2000 ] 

Transient Analysis: [125  /2000 ] 

Transient Analysis: [126  /2000 ] 

Transient Analysis: [127  /2000 ] 

Transient Analysis: [128  /2000 ] 

Transient Analysis: [129  /2000 ] 

Transient Analysis: [130  /2000 ] 

Transient Analysis: [131  /2000 ] 

Transient Analysis: [132  /2000 ] 

Transient Analysis: [133  /2000 ] 

Transient Analysis: [134  /2000 ] 

Transient Analysis: [135  /2000 ] 

Transient Analysis: [136  /2000 ] 

Transient Analysis: [137  /2000 ] 

Transient Analysis: [138  /2000 ] 

Transient Analysis: [139  /2000 ] 

Transient Analysis: [140  /2000 ] 

Transient Analysis: [141  /2000 ] 

Transient Analysis: [142  /2000 ] 

Transient Analysis: [143  /2000 ] 

Transient Analysis: [144  /2000 ] 

Transient Analysis: [145  /2000 ] 

Transient Analysis: [146  /2000 ] 

Transient Analysis: [147  /2000 ] 

Transient Analysis: [148  /2000 ] 

Transient Analysis: [149  /2000 ] 

Transient Analysis: [150  /2000 ] 

Transient Analysis: [151  /2000 ] 

Transient Analysis: [152  /2000 ] 

Transient Analysis: [153  /2000 ] 

Transient Analysis: [154  /2000 ] 

Transient Analysis: [155  /2000 ] 

Transient Analysis: [156  /2000 ] 

Transient Analysis: [157  /2000 ] 

Transient Analysis: [158  /2000 ] 

Transient Analysis: [159  /2000 ] 

Transient Analysis: [160  /2000 ] 

Transient Analysis: [161  /2000 ] 

Transient Analysis: [162  /2000 ] 

Transient Analysis: [163  /2000 ] 

Transient Analysis: [164  /2000 ] 

Transient Analysis: [165  /2000 ] 

Transient Analysis: [166  /2000 ] 

Transient Analysis: [167  /2000 ] 

Transient Analysis: [168  /2000 ] 

Transient Analysis: [169  /2000 ] 

Transient Analysis: [170  /2000 ] 

Transient Analysis: [171  /2000 ] 

Transient Analysis: [172  /2000 ] 

Transient Analysis: [173  /2000 ] 

Transient Analysis: [174  /2000 ] 

Transient Analysis: [175  /2000 ] 

Transient Analysis: [176  /2000 ] 

Transient Analysis: [177  /2000 ] 

Transient Analysis: [178  /2000 ] 

Transient Analysis: [179  /2000 ] 

Transient Analysis: [180  /2000 ] 

Transient Analysis: [181  /2000 ] 

Transient Analysis: [182  /2000 ] 

Transient Analysis: [183  /2000 ] 

Transient Analysis: [184  /2000 ] 

Transient Analysis: [185  /2000 ] 

Transient Analysis: [186  /2000 ] 

Transient Analysis: [187  /2000 ] 

Transient Analysis: [188  /2000 ] 

Transient Analysis: [189  /2000 ] 

Transient Analysis: [190  /2000 ] 

Transient Analysis: [191  /2000 ] 

Transient Analysis: [192  /2000 ] 

Transient Analysis: [193  /2000 ] 

Transient Analysis: [194  /2000 ] 

Transient Analysis: [195  /2000 ] 

Transient Analysis: [196  /2000 ] 

Transient Analysis: [197  /2000 ] 

Transient Analysis: [198  /2000 ] 

Transient Analysis: [199  /2000 ] 

Transient Analysis: [200  /2000 ] 

Transient Analysis: [201  /2000 ] 

Transient Analysis: [202  /2000 ] 

Transient Analysis: [203  /2000 ] 

Transient Analysis: [204  /2000 ] 

Transient Analysis: [205  /2000 ] 

Transient Analysis: [206  /2000 ] 

Transient Analysis: [207  /2000 ] 

Transient Analysis: [208  /2000 ] 

Transient Analysis: [209  /2000 ] 

Transient Analysis: [210  /2000 ] 

Transient Analysis: [211  /2000 ] 

Transient Analysis: [212  /2000 ] 

Transient Analysis: [213  /2000 ] 

Transient Analysis: [214  /2000 ] 

Transient Analysis: [215  /2000 ] 

Transient Analysis: [216  /2000 ] 

Transient Analysis: [217  /2000 ] 

Transient Analysis: [218  /2000 ] 

Transient Analysis: [219  /2000 ] 

Transient Analysis: [220  /2000 ] 

Transient Analysis: [221  /2000 ] 

Transient Analysis: [222  /2000 ] 

Transient Analysis: [223  /2000 ] 

Transient Analysis: [224  /2000 ] 

Transient Analysis: [225  /2000 ] 

Transient Analysis: [226  /2000 ] 

Transient Analysis: [227  /2000 ] 

Transient Analysis: [228  /2000 ] 

Transient Analysis: [229  /2000 ] 

Transient Analysis: [230  /2000 ] 

Transient Analysis: [231  /2000 ] 

Transient Analysis: [232  /2000 ] 

Transient Analysis: [233  /2000 ] 

Transient Analysis: [234  /2000 ] 

Transient Analysis: [235  /2000 ] 

Transient Analysis: [236  /2000 ] 

Transient Analysis: [237  /2000 ] 

Transient Analysis: [238  /2000 ] 

Transient Analysis: [239  /2000 ] 

Transient Analysis: [240  /2000 ] 

Transient Analysis: [241  /2000 ] 

Transient Analysis: [242  /2000 ] 

Transient Analysis: [243  /2000 ] 

Transient Analysis: [244  /2000 ] 

Transient Analysis: [245  /2000 ] 

Transient Analysis: [246  /2000 ] 

Transient Analysis: [247  /2000 ] 

Transient Analysis: [248  /2000 ] 

Transient Analysis: [249  /2000 ] 

Transient Analysis: [250  /2000 ] 

Transient Analysis: [251  /2000 ] 

Transient Analysis: [252  /2000 ] 

Transient Analysis: [253  /2000 ] 

Transient Analysis: [254  /2000 ] 

Transient Analysis: [255  /2000 ] 

Transient Analysis: [256  /2000 ] 

Transient Analysis: [257  /2000 ] 

Transient Analysis: [258  /2000 ] 

Transient Analysis: [259  /2000 ] 

Transient Analysis: [260  /2000 ] 

Transient Analysis: [261  /2000 ] 

Transient Analysis: [262  /2000 ] 

Transient Analysis: [263  /2000 ] 

Transient Analysis: [264  /2000 ] 

Transient Analysis: [265  /2000 ] 

Transient Analysis: [266  /2000 ] 

Transient Analysis: [267  /2000 ] 

Transient Analysis: [268  /2000 ] 

Transient Analysis: [269  /2000 ] 

Transient Analysis: [270  /2000 ] 

Transient Analysis: [271  /2000 ] 

Transient Analysis: [272  /2000 ] 

Transient Analysis: [273  /2000 ] 

Transient Analysis: [274  /2000 ] 

Transient Analysis: [275  /2000 ] 

Transient Analysis: [276  /2000 ] 

Transient Analysis: [277  /2000 ] 

Transient Analysis: [278  /2000 ] 

Transient Analysis: [279  /2000 ] 

Transient Analysis: [280  /2000 ] 

Transient Analysis: [281  /2000 ] 

Transient Analysis: [282  /2000 ] 

Transient Analysis: [283  /2000 ] 

Transient Analysis: [284  /2000 ] 

Transient Analysis: [285  /2000 ] 

Transient Analysis: [286  /2000 ] 

Transient Analysis: [287  /2000 ] 

Transient Analysis: [288  /2000 ] 

Transient Analysis: [289  /2000 ] 

Transient Analysis: [290  /2000 ] 

Transient Analysis: [291  /2000 ] 

Transient Analysis: [292  /2000 ] 

Transient Analysis: [293  /2000 ] 

Transient Analysis: [294  /2000 ] 

Transient Analysis: [295  /2000 ] 

Transient Analysis: [296  /2000 ] 

Transient Analysis: [297  /2000 ] 

Transient Analysis: [298  /2000 ] 

Transient Analysis: [299  /2000 ] 

Transient Analysis: [300  /2000 ] 

Transient Analysis: [301  /2000 ] 

Transient Analysis: [302  /2000 ] 

Transient Analysis: [303  /2000 ] 

Transient Analysis: [304  /2000 ] 

Transient Analysis: [305  /2000 ] 

Transient Analysis: [306  /2000 ] 

Transient Analysis: [307  /2000 ] 

Transient Analysis: [308  /2000 ] 

Transient Analysis: [309  /2000 ] 

Transient Analysis: [310  /2000 ] 

Transient Analysis: [311  /2000 ] 

Transient Analysis: [312  /2000 ] 

Transient Analysis: [313  /2000 ] 

Transient Analysis: [314  /2000 ] 

Transient Analysis: [315  /2000 ] 

Transient Analysis: [316  /2000 ] 

Transient Analysis: [317  /2000 ] 

Transient Analysis: [318  /2000 ] 

Transient Analysis: [319  /2000 ] 

Transient Analysis: [320  /2000 ] 

Transient Analysis: [321  /2000 ] 

Transient Analysis: [322  /2000 ] 

Transient Analysis: [323  /2000 ] 

Transient Analysis: [324  /2000 ] 

Transient Analysis: [325  /2000 ] 

Transient Analysis: [326  /2000 ] 

Transient Analysis: [327  /2000 ] 

Transient Analysis: [328  /2000 ] 

Transient Analysis: [329  /2000 ] 

Transient Analysis: [330  /2000 ] 

Transient Analysis: [331  /2000 ] 

Transient Analysis: [332  /2000 ] 

Transient Analysis: [333  /2000 ] 

Transient Analysis: [334  /2000 ] 

Transient Analysis: [335  /2000 ] 

Transient Analysis: [336  /2000 ] 

Transient Analysis: [337  /2000 ] 

Transient Analysis: [338  /2000 ] 

Transient Analysis: [339  /2000 ] 

Transient Analysis: [340  /2000 ] 

Transient Analysis: [341  /2000 ] 

Transient Analysis: [342  /2000 ] 

Transient Analysis: [343  /2000 ] 

Transient Analysis: [344  /2000 ] 

Transient Analysis: [345  /2000 ] 

Transient Analysis: [346  /2000 ] 

Transient Analysis: [347  /2000 ] 

Transient Analysis: [348  /2000 ] 

Transient Analysis: [349  /2000 ] 

Transient Analysis: [350  /2000 ] 

Transient Analysis: [351  /2000 ] 

Transient Analysis: [352  /2000 ] 

Transient Analysis: [353  /2000 ] 

Transient Analysis: [354  /2000 ] 

Transient Analysis: [355  /2000 ] 

Transient Analysis: [356  /2000 ] 

Transient Analysis: [357  /2000 ] 

Transient Analysis: [358  /2000 ] 

Transient Analysis: [359  /2000 ] 

Transient Analysis: [360  /2000 ] 

Transient Analysis: [361  /2000 ] 

Transient Analysis: [362  /2000 ] 

Transient Analysis: [363  /2000 ] 

Transient Analysis: [364  /2000 ] 

Transient Analysis: [365  /2000 ] 

Transient Analysis: [366  /2000 ] 

Transient Analysis: [367  /2000 ] 

Transient Analysis: [368  /2000 ] 

Transient Analysis: [369  /2000 ] 

Transient Analysis: [370  /2000 ] 

Transient Analysis: [371  /2000 ] 

Transient Analysis: [372  /2000 ] 

Transient Analysis: [373  /2000 ] 

Transient Analysis: [374  /2000 ] 

Transient Analysis: [375  /2000 ] 

Transient Analysis: [376  /2000 ] 

Transient Analysis: [377  /2000 ] 

Transient Analysis: [378  /2000 ] 

Transient Analysis: [379  /2000 ] 

Transient Analysis: [380  /2000 ] 

Transient Analysis: [381  /2000 ] 

Transient Analysis: [382  /2000 ] 

Transient Analysis: [383  /2000 ] 

Transient Analysis: [384  /2000 ] 

Transient Analysis: [385  /2000 ] 

Transient Analysis: [386  /2000 ] 

Transient Analysis: [387  /2000 ] 

Transient Analysis: [388  /2000 ] 

Transient Analysis: [389  /2000 ] 

Transient Analysis: [390  /2000 ] 

Transient Analysis: [391  /2000 ] 

Transient Analysis: [392  /2000 ] 

Transient Analysis: [393  /2000 ] 

Transient Analysis: [394  /2000 ] 

Transient Analysis: [395  /2000 ] 

Transient Analysis: [396  /2000 ] 

Transient Analysis: [397  /2000 ] 

Transient Analysis: [398  /2000 ] 

Transient Analysis: [399  /2000 ] 

Transient Analysis: [400  /2000 ] 

Transient Analysis: [401  /2000 ] 

Transient Analysis: [402  /2000 ] 

Transient Analysis: [403  /2000 ] 

Transient Analysis: [404  /2000 ] 

Transient Analysis: [405  /2000 ] 

Transient Analysis: [406  /2000 ] 

Transient Analysis: [407  /2000 ] 

Transient Analysis: [408  /2000 ] 

Transient Analysis: [409  /2000 ] 

Transient Analysis: [410  /2000 ] 

Transient Analysis: [411  /2000 ] 

Transient Analysis: [412  /2000 ] 

Transient Analysis: [413  /2000 ] 

Transient Analysis: [414  /2000 ] 

Transient Analysis: [415  /2000 ] 

Transient Analysis: [416  /2000 ] 

Transient Analysis: [417  /2000 ] 

Transient Analysis: [418  /2000 ] 

Transient Analysis: [419  /2000 ] 

Transient Analysis: [420  /2000 ] 

Transient Analysis: [421  /2000 ] 

Transient Analysis: [422  /2000 ] 

Transient Analysis: [423  /2000 ] 

Transient Analysis: [424  /2000 ] 

Transient Analysis: [425  /2000 ] 

Transient Analysis: [426  /2000 ] 

Transient Analysis: [427  /2000 ] 

Transient Analysis: [428  /2000 ] 

Transient Analysis: [429  /2000 ] 

Transient Analysis: [430  /2000 ] 

Transient Analysis: [431  /2000 ] 

Transient Analysis: [432  /2000 ] 

Transient Analysis: [433  /2000 ] 

Transient Analysis: [434  /2000 ] 

Transient Analysis: [435  /2000 ] 

Transient Analysis: [436  /2000 ] 

Transient Analysis: [437  /2000 ] 

Transient Analysis: [438  /2000 ] 

Transient Analysis: [439  /2000 ] 

Transient Analysis: [440  /2000 ] 

Transient Analysis: [441  /2000 ] 

Transient Analysis: [442  /2000 ] 

Transient Analysis: [443  /2000 ] 

Transient Analysis: [444  /2000 ] 

Transient Analysis: [445  /2000 ] 

Transient Analysis: [446  /2000 ] 

Transient Analysis: [447  /2000 ] 

Transient Analysis: [448  /2000 ] 

Transient Analysis: [449  /2000 ] 

Transient Analysis: [450  /2000 ] 

Transient Analysis: [451  /2000 ] 

Transient Analysis: [452  /2000 ] 

Transient Analysis: [453  /2000 ] 

Transient Analysis: [454  /2000 ] 

Transient Analysis: [455  /2000 ] 

Transient Analysis: [456  /2000 ] 

Transient Analysis: [457  /2000 ] 

Transient Analysis: [458  /2000 ] 

Transient Analysis: [459  /2000 ] 

Transient Analysis: [460  /2000 ] 

Transient Analysis: [461  /2000 ] 

Transient Analysis: [462  /2000 ] 

Transient Analysis: [463  /2000 ] 

Transient Analysis: [464  /2000 ] 

Transient Analysis: [465  /2000 ] 

Transient Analysis: [466  /2000 ] 

Transient Analysis: [467  /2000 ] 

Transient Analysis: [468  /2000 ] 

Transient Analysis: [469  /2000 ] 

Transient Analysis: [470  /2000 ] 

Transient Analysis: [471  /2000 ] 

Transient Analysis: [472  /2000 ] 

Transient Analysis: [473  /2000 ] 

Transient Analysis: [474  /2000 ] 

Transient Analysis: [475  /2000 ] 

Transient Analysis: [476  /2000 ] 

Transient Analysis: [477  /2000 ] 

Transient Analysis: [478  /2000 ] 

Transient Analysis: [479  /2000 ] 

Transient Analysis: [480  /2000 ] 

Transient Analysis: [481  /2000 ] 

Transient Analysis: [482  /2000 ] 

Transient Analysis: [483  /2000 ] 

Transient Analysis: [484  /2000 ] 

Transient Analysis: [485  /2000 ] 

Transient Analysis: [486  /2000 ] 

Transient Analysis: [487  /2000 ] 

Transient Analysis: [488  /2000 ] 

Transient Analysis: [489  /2000 ] 

Transient Analysis: [490  /2000 ] 

Transient Analysis: [491  /2000 ] 

Transient Analysis: [492  /2000 ] 

Transient Analysis: [493  /2000 ] 

Transient Analysis: [494  /2000 ] 

Transient Analysis: [495  /2000 ] 

Transient Analysis: [496  /2000 ] 

Transient Analysis: [497  /2000 ] 

Transient Analysis: [498  /2000 ] 

Transient Analysis: [499  /2000 ] 

Transient Analysis: [500  /2000 ] 

Transient Analysis: [501  /2000 ] 

Transient Analysis: [502  /2000 ] 

Transient Analysis: [503  /2000 ] 

Transient Analysis: [504  /2000 ] 

Transient Analysis: [505  /2000 ] 

Transient Analysis: [506  /2000 ] 

Transient Analysis: [507  /2000 ] 

Transient Analysis: [508  /2000 ] 

Transient Analysis: [509  /2000 ] 

Transient Analysis: [510  /2000 ] 

Transient Analysis: [511  /2000 ] 

Transient Analysis: [512  /2000 ] 

Transient Analysis: [513  /2000 ] 

Transient Analysis: [514  /2000 ] 

Transient Analysis: [515  /2000 ] 

Transient Analysis: [516  /2000 ] 

Transient Analysis: [517  /2000 ] 

Transient Analysis: [518  /2000 ] 

Transient Analysis: [519  /2000 ] 

Transient Analysis: [520  /2000 ] 

Transient Analysis: [521  /2000 ] 

Transient Analysis: [522  /2000 ] 

Transient Analysis: [523  /2000 ] 

Transient Analysis: [524  /2000 ] 

Transient Analysis: [525  /2000 ] 

Transient Analysis: [526  /2000 ] 

Transient Analysis: [527  /2000 ] 

Transient Analysis: [528  /2000 ] 

Transient Analysis: [529  /2000 ] 

Transient Analysis: [530  /2000 ] 

Transient Analysis: [531  /2000 ] 

Transient Analysis: [532  /2000 ] 

Transient Analysis: [533  /2000 ] 

Transient Analysis: [534  /2000 ] 

Transient Analysis: [535  /2000 ] 

Transient Analysis: [536  /2000 ] 

Transient Analysis: [537  /2000 ] 

Transient Analysis: [538  /2000 ] 

Transient Analysis: [539  /2000 ] 

Transient Analysis: [540  /2000 ] 

Transient Analysis: [541  /2000 ] 

Transient Analysis: [542  /2000 ] 

Transient Analysis: [543  /2000 ] 

Transient Analysis: [544  /2000 ] 

Transient Analysis: [545  /2000 ] 

Transient Analysis: [546  /2000 ] 

Transient Analysis: [547  /2000 ] 

Transient Analysis: [548  /2000 ] 

Transient Analysis: [549  /2000 ] 

Transient Analysis: [550  /2000 ] 

Transient Analysis: [551  /2000 ] 

Transient Analysis: [552  /2000 ] 

Transient Analysis: [553  /2000 ] 

Transient Analysis: [554  /2000 ] 

Transient Analysis: [555  /2000 ] 

Transient Analysis: [556  /2000 ] 

Transient Analysis: [557  /2000 ] 

Transient Analysis: [558  /2000 ] 

Transient Analysis: [559  /2000 ] 

Transient Analysis: [560  /2000 ] 

Transient Analysis: [561  /2000 ] 

Transient Analysis: [562  /2000 ] 

Transient Analysis: [563  /2000 ] 

Transient Analysis: [564  /2000 ] 

Transient Analysis: [565  /2000 ] 

Transient Analysis: [566  /2000 ] 

Transient Analysis: [567  /2000 ] 

Transient Analysis: [568  /2000 ] 

Transient Analysis: [569  /2000 ] 

Transient Analysis: [570  /2000 ] 

Transient Analysis: [571  /2000 ] 

Transient Analysis: [572  /2000 ] 

Transient Analysis: [573  /2000 ] 

Transient Analysis: [574  /2000 ] 

Transient Analysis: [575  /2000 ] 

Transient Analysis: [576  /2000 ] 

Transient Analysis: [577  /2000 ] 

Transient Analysis: [578  /2000 ] 

Transient Analysis: [579  /2000 ] 

Transient Analysis: [580  /2000 ] 

Transient Analysis: [581  /2000 ] 

Transient Analysis: [582  /2000 ] 

Transient Analysis: [583  /2000 ] 

Transient Analysis: [584  /2000 ] 

Transient Analysis: [585  /2000 ] 

Transient Analysis: [586  /2000 ] 

Transient Analysis: [587  /2000 ] 

Transient Analysis: [588  /2000 ] 

Transient Analysis: [589  /2000 ] 

Transient Analysis: [590  /2000 ] 

Transient Analysis: [591  /2000 ] 

Transient Analysis: [592  /2000 ] 

Transient Analysis: [593  /2000 ] 

Transient Analysis: [594  /2000 ] 

Transient Analysis: [595  /2000 ] 

Transient Analysis: [596  /2000 ] 

Transient Analysis: [597  /2000 ] 

Transient Analysis: [598  /2000 ] 

Transient Analysis: [599  /2000 ] 

Transient Analysis: [600  /2000 ] 

Transient Analysis: [601  /2000 ] 

Transient Analysis: [602  /2000 ] 

Transient Analysis: [603  /2000 ] 

Transient Analysis: [604  /2000 ] 

Transient Analysis: [605  /2000 ] 

Transient Analysis: [606  /2000 ] 

Transient Analysis: [607  /2000 ] 

Transient Analysis: [608  /2000 ] 

Transient Analysis: [609  /2000 ] 

Transient Analysis: [610  /2000 ] 

Transient Analysis: [611  /2000 ] 

Transient Analysis: [612  /2000 ] 

Transient Analysis: [613  /2000 ] 

Transient Analysis: [614  /2000 ] 

Transient Analysis: [615  /2000 ] 

Transient Analysis: [616  /2000 ] 

Transient Analysis: [617  /2000 ] 

Transient Analysis: [618  /2000 ] 

Transient Analysis: [619  /2000 ] 

Transient Analysis: [620  /2000 ] 

Transient Analysis: [621  /2000 ] 

Transient Analysis: [622  /2000 ] 

Transient Analysis: [623  /2000 ] 

Transient Analysis: [624  /2000 ] 

Transient Analysis: [625  /2000 ] 

Transient Analysis: [626  /2000 ] 

Transient Analysis: [627  /2000 ] 

Transient Analysis: [628  /2000 ] 

Transient Analysis: [629  /2000 ] 

Transient Analysis: [630  /2000 ] 

Transient Analysis: [631  /2000 ] 

Transient Analysis: [632  /2000 ] 

Transient Analysis: [633  /2000 ] 

Transient Analysis: [634  /2000 ] 

Transient Analysis: [635  /2000 ] 

Transient Analysis: [636  /2000 ] 

Transient Analysis: [637  /2000 ] 

Transient Analysis: [638  /2000 ] 

Transient Analysis: [639  /2000 ] 

Transient Analysis: [640  /2000 ] 

Transient Analysis: [641  /2000 ] 

Transient Analysis: [642  /2000 ] 

Transient Analysis: [643  /2000 ] 

Transient Analysis: [644  /2000 ] 

Transient Analysis: [645  /2000 ] 

Transient Analysis: [646  /2000 ] 

Transient Analysis: [647  /2000 ] 

Transient Analysis: [648  /2000 ] 

Transient Analysis: [649  /2000 ] 

Transient Analysis: [650  /2000 ] 

Transient Analysis: [651  /2000 ] 

Transient Analysis: [652  /2000 ] 

Transient Analysis: [653  /2000 ] 

Transient Analysis: [654  /2000 ] 

Transient Analysis: [655  /2000 ] 

Transient Analysis: [656  /2000 ] 

Transient Analysis: [657  /2000 ] 

Transient Analysis: [658  /2000 ] 

Transient Analysis: [659  /2000 ] 

Transient Analysis: [660  /2000 ] 

Transient Analysis: [661  /2000 ] 

Transient Analysis: [662  /2000 ] 

Transient Analysis: [663  /2000 ] 

Transient Analysis: [664  /2000 ] 

Transient Analysis: [665  /2000 ] 

Transient Analysis: [666  /2000 ] 

Transient Analysis: [667  /2000 ] 

Transient Analysis: [668  /2000 ] 

Transient Analysis: [669  /2000 ] 

Transient Analysis: [670  /2000 ] 

Transient Analysis: [671  /2000 ] 

Transient Analysis: [672  /2000 ] 

Transient Analysis: [673  /2000 ] 

Transient Analysis: [674  /2000 ] 

Transient Analysis: [675  /2000 ] 

Transient Analysis: [676  /2000 ] 

Transient Analysis: [677  /2000 ] 

Transient Analysis: [678  /2000 ] 

Transient Analysis: [679  /2000 ] 

Transient Analysis: [680  /2000 ] 

Transient Analysis: [681  /2000 ] 

Transient Analysis: [682  /2000 ] 

Transient Analysis: [683  /2000 ] 

Transient Analysis: [684  /2000 ] 

Transient Analysis: [685  /2000 ] 

Transient Analysis: [686  /2000 ] 

Transient Analysis: [687  /2000 ] 

Transient Analysis: [688  /2000 ] 

Transient Analysis: [689  /2000 ] 

Transient Analysis: [690  /2000 ] 

Transient Analysis: [691  /2000 ] 

Transient Analysis: [692  /2000 ] 

Transient Analysis: [693  /2000 ] 

Transient Analysis: [694  /2000 ] 

Transient Analysis: [695  /2000 ] 

Transient Analysis: [696  /2000 ] 

Transient Analysis: [697  /2000 ] 

Transient Analysis: [698  /2000 ] 

Transient Analysis: [699  /2000 ] 

Transient Analysis: [700  /2000 ] 

Transient Analysis: [701  /2000 ] 

Transient Analysis: [702  /2000 ] 

Transient Analysis: [703  /2000 ] 

Transient Analysis: [704  /2000 ] 

Transient Analysis: [705  /2000 ] 

Transient Analysis: [706  /2000 ] 

Transient Analysis: [707  /2000 ] 

Transient Analysis: [708  /2000 ] 

Transient Analysis: [709  /2000 ] 

Transient Analysis: [710  /2000 ] 

Transient Analysis: [711  /2000 ] 

Transient Analysis: [712  /2000 ] 

Transient Analysis: [713  /2000 ] 

Transient Analysis: [714  /2000 ] 

Transient Analysis: [715  /2000 ] 

Transient Analysis: [716  /2000 ] 

Transient Analysis: [717  /2000 ] 

Transient Analysis: [718  /2000 ] 

Transient Analysis: [719  /2000 ] 

Transient Analysis: [720  /2000 ] 

Transient Analysis: [721  /2000 ] 

Transient Analysis: [722  /2000 ] 

Transient Analysis: [723  /2000 ] 

Transient Analysis: [724  /2000 ] 

Transient Analysis: [725  /2000 ] 

Transient Analysis: [726  /2000 ] 

Transient Analysis: [727  /2000 ] 

Transient Analysis: [728  /2000 ] 

Transient Analysis: [729  /2000 ] 

Transient Analysis: [730  /2000 ] 

Transient Analysis: [731  /2000 ] 

Transient Analysis: [732  /2000 ] 

Transient Analysis: [733  /2000 ] 

Transient Analysis: [734  /2000 ] 

Transient Analysis: [735  /2000 ] 

Transient Analysis: [736  /2000 ] 

Transient Analysis: [737  /2000 ] 

Transient Analysis: [738  /2000 ] 

Transient Analysis: [739  /2000 ] 

Transient Analysis: [740  /2000 ] 

Transient Analysis: [741  /2000 ] 

Transient Analysis: [742  /2000 ] 

Transient Analysis: [743  /2000 ] 

Transient Analysis: [744  /2000 ] 

Transient Analysis: [745  /2000 ] 

Transient Analysis: [746  /2000 ] 

Transient Analysis: [747  /2000 ] 

Transient Analysis: [748  /2000 ] 

Transient Analysis: [749  /2000 ] 

Transient Analysis: [750  /2000 ] 

Transient Analysis: [751  /2000 ] 

Transient Analysis: [752  /2000 ] 

Transient Analysis: [753  /2000 ] 

Transient Analysis: [754  /2000 ] 

Transient Analysis: [755  /2000 ] 

Transient Analysis: [756  /2000 ] 

Transient Analysis: [757  /2000 ] 

Transient Analysis: [758  /2000 ] 

Transient Analysis: [759  /2000 ] 

Transient Analysis: [760  /2000 ] 

Transient Analysis: [761  /2000 ] 

Transient Analysis: [762  /2000 ] 

Transient Analysis: [763  /2000 ] 

Transient Analysis: [764  /2000 ] 

Transient Analysis: [765  /2000 ] 

Transient Analysis: [766  /2000 ] 

Transient Analysis: [767  /2000 ] 

Transient Analysis: [768  /2000 ] 

Transient Analysis: [769  /2000 ] 

Transient Analysis: [770  /2000 ] 

Transient Analysis: [771  /2000 ] 

Transient Analysis: [772  /2000 ] 

Transient Analysis: [773  /2000 ] 

Transient Analysis: [774  /2000 ] 

Transient Analysis: [775  /2000 ] 

Transient Analysis: [776  /2000 ] 

Transient Analysis: [777  /2000 ] 

Transient Analysis: [778  /2000 ] 

Transient Analysis: [779  /2000 ] 

Transient Analysis: [780  /2000 ] 

Transient Analysis: [781  /2000 ] 

Transient Analysis: [782  /2000 ] 

Transient Analysis: [783  /2000 ] 

Transient Analysis: [784  /2000 ] 

Transient Analysis: [785  /2000 ] 

Transient Analysis: [786  /2000 ] 

Transient Analysis: [787  /2000 ] 

Transient Analysis: [788  /2000 ] 

Transient Analysis: [789  /2000 ] 

Transient Analysis: [790  /2000 ] 

Transient Analysis: [791  /2000 ] 

Transient Analysis: [792  /2000 ] 

Transient Analysis: [793  /2000 ] 

Transient Analysis: [794  /2000 ] 

Transient Analysis: [795  /2000 ] 

Transient Analysis: [796  /2000 ] 

Transient Analysis: [797  /2000 ] 

Transient Analysis: [798  /2000 ] 

Transient Analysis: [799  /2000 ] 

Transient Analysis: [800  /2000 ] 

Transient Analysis: [801  /2000 ] 

Transient Analysis: [802  /2000 ] 

Transient Analysis: [803  /2000 ] 

Transient Analysis: [804  /2000 ] 

Transient Analysis: [805  /2000 ] 

Transient Analysis: [806  /2000 ] 

Transient Analysis: [807  /2000 ] 

Transient Analysis: [808  /2000 ] 

Transient Analysis: [809  /2000 ] 

Transient Analysis: [810  /2000 ] 

Transient Analysis: [811  /2000 ] 

Transient Analysis: [812  /2000 ] 

Transient Analysis: [813  /2000 ] 

Transient Analysis: [814  /2000 ] 

Transient Analysis: [815  /2000 ] 

Transient Analysis: [816  /2000 ] 

Transient Analysis: [817  /2000 ] 

Transient Analysis: [818  /2000 ] 

Transient Analysis: [819  /2000 ] 

Transient Analysis: [820  /2000 ] 

Transient Analysis: [821  /2000 ] 

Transient Analysis: [822  /2000 ] 

Transient Analysis: [823  /2000 ] 

Transient Analysis: [824  /2000 ] 

Transient Analysis: [825  /2000 ] 

Transient Analysis: [826  /2000 ] 

Transient Analysis: [827  /2000 ] 

Transient Analysis: [828  /2000 ] 

Transient Analysis: [829  /2000 ] 

Transient Analysis: [830  /2000 ] 

Transient Analysis: [831  /2000 ] 

Transient Analysis: [832  /2000 ] 

Transient Analysis: [833  /2000 ] 

Transient Analysis: [834  /2000 ] 

Transient Analysis: [835  /2000 ] 

Transient Analysis: [836  /2000 ] 

Transient Analysis: [837  /2000 ] 

Transient Analysis: [838  /2000 ] 

Transient Analysis: [839  /2000 ] 

Transient Analysis: [840  /2000 ] 

Transient Analysis: [841  /2000 ] 

Transient Analysis: [842  /2000 ] 

Transient Analysis: [843  /2000 ] 

Transient Analysis: [844  /2000 ] 

Transient Analysis: [845  /2000 ] 

Transient Analysis: [846  /2000 ] 

Transient Analysis: [847  /2000 ] 

Transient Analysis: [848  /2000 ] 

Transient Analysis: [849  /2000 ] 

Transient Analysis: [850  /2000 ] 

Transient Analysis: [851  /2000 ] 

Transient Analysis: [852  /2000 ] 

Transient Analysis: [853  /2000 ] 

Transient Analysis: [854  /2000 ] 

Transient Analysis: [855  /2000 ] 

Transient Analysis: [856  /2000 ] 

Transient Analysis: [857  /2000 ] 

Transient Analysis: [858  /2000 ] 

Transient Analysis: [859  /2000 ] 

Transient Analysis: [860  /2000 ] 

Transient Analysis: [861  /2000 ] 

Transient Analysis: [862  /2000 ] 

Transient Analysis: [863  /2000 ] 

Transient Analysis: [864  /2000 ] 

Transient Analysis: [865  /2000 ] 

Transient Analysis: [866  /2000 ] 

Transient Analysis: [867  /2000 ] 

Transient Analysis: [868  /2000 ] 

Transient Analysis: [869  /2000 ] 

Transient Analysis: [870  /2000 ] 

Transient Analysis: [871  /2000 ] 

Transient Analysis: [872  /2000 ] 

Transient Analysis: [873  /2000 ] 

Transient Analysis: [874  /2000 ] 

Transient Analysis: [875  /2000 ] 

Transient Analysis: [876  /2000 ] 

Transient Analysis: [877  /2000 ] 

Transient Analysis: [878  /2000 ] 

Transient Analysis: [879  /2000 ] 

Transient Analysis: [880  /2000 ] 

Transient Analysis: [881  /2000 ] 

Transient Analysis: [882  /2000 ] 

Transient Analysis: [883  /2000 ] 

Transient Analysis: [884  /2000 ] 

Transient Analysis: [885  /2000 ] 

Transient Analysis: [886  /2000 ] 

Transient Analysis: [887  /2000 ] 

Transient Analysis: [888  /2000 ] 

Transient Analysis: [889  /2000 ] 

Transient Analysis: [890  /2000 ] 

Transient Analysis: [891  /2000 ] 

Transient Analysis: [892  /2000 ] 

Transient Analysis: [893  /2000 ] 

Transient Analysis: [894  /2000 ] 

Transient Analysis: [895  /2000 ] 

Transient Analysis: [896  /2000 ] 

Transient Analysis: [897  /2000 ] 

Transient Analysis: [898  /2000 ] 

Transient Analysis: [899  /2000 ] 

Transient Analysis: [900  /2000 ] 

Transient Analysis: [901  /2000 ] 

Transient Analysis: [902  /2000 ] 

Transient Analysis: [903  /2000 ] 

Transient Analysis: [904  /2000 ] 

Transient Analysis: [905  /2000 ] 

Transient Analysis: [906  /2000 ] 

Transient Analysis: [907  /2000 ] 

Transient Analysis: [908  /2000 ] 

Transient Analysis: [909  /2000 ] 

Transient Analysis: [910  /2000 ] 

Transient Analysis: [911  /2000 ] 

Transient Analysis: [912  /2000 ] 

Transient Analysis: [913  /2000 ] 

Transient Analysis: [914  /2000 ] 

Transient Analysis: [915  /2000 ] 

Transient Analysis: [916  /2000 ] 

Transient Analysis: [917  /2000 ] 

Transient Analysis: [918  /2000 ] 

Transient Analysis: [919  /2000 ] 

Transient Analysis: [920  /2000 ] 

Transient Analysis: [921  /2000 ] 

Transient Analysis: [922  /2000 ] 

Transient Analysis: [923  /2000 ] 

Transient Analysis: [924  /2000 ] 

Transient Analysis: [925  /2000 ] 

Transient Analysis: [926  /2000 ] 

Transient Analysis: [927  /2000 ] 

Transient Analysis: [928  /2000 ] 

Transient Analysis: [929  /2000 ] 

Transient Analysis: [930  /2000 ] 

Transient Analysis: [931  /2000 ] 

Transient Analysis: [932  /2000 ] 

Transient Analysis: [933  /2000 ] 

Transient Analysis: [934  /2000 ] 

Transient Analysis: [935  /2000 ] 

Transient Analysis: [936  /2000 ] 

Transient Analysis: [937  /2000 ] 

Transient Analysis: [938  /2000 ] 

Transient Analysis: [939  /2000 ] 

Transient Analysis: [940  /2000 ] 

Transient Analysis: [941  /2000 ] 

Transient Analysis: [942  /2000 ] 

Transient Analysis: [943  /2000 ] 

Transient Analysis: [944  /2000 ] 

Transient Analysis: [945  /2000 ] 

Transient Analysis: [946  /2000 ] 

Transient Analysis: [947  /2000 ] 

Transient Analysis: [948  /2000 ] 

Transient Analysis: [949  /2000 ] 

Transient Analysis: [950  /2000 ] 

Transient Analysis: [951  /2000 ] 

Transient Analysis: [952  /2000 ] 

Transient Analysis: [953  /2000 ] 

Transient Analysis: [954  /2000 ] 

Transient Analysis: [955  /2000 ] 

Transient Analysis: [956  /2000 ] 

Transient Analysis: [957  /2000 ] 

Transient Analysis: [958  /2000 ] 

Transient Analysis: [959  /2000 ] 

Transient Analysis: [960  /2000 ] 

Transient Analysis: [961  /2000 ] 

Transient Analysis: [962  /2000 ] 

Transient Analysis: [963  /2000 ] 

Transient Analysis: [964  /2000 ] 

Transient Analysis: [965  /2000 ] 

Transient Analysis: [966  /2000 ] 

Transient Analysis: [967  /2000 ] 

Transient Analysis: [968  /2000 ] 

Transient Analysis: [969  /2000 ] 

Transient Analysis: [970  /2000 ] 

Transient Analysis: [971  /2000 ] 

Transient Analysis: [972  /2000 ] 

Transient Analysis: [973  /2000 ] 

Transient Analysis: [974  /2000 ] 

Transient Analysis: [975  /2000 ] 

Transient Analysis: [976  /2000 ] 

Transient Analysis: [977  /2000 ] 

Transient Analysis: [978  /2000 ] 

Transient Analysis: [979  /2000 ] 

Transient Analysis: [980  /2000 ] 

Transient Analysis: [981  /2000 ] 

Transient Analysis: [982  /2000 ] 

Transient Analysis: [983  /2000 ] 

Transient Analysis: [984  /2000 ] 

Transient Analysis: [985  /2000 ] 

Transient Analysis: [986  /2000 ] 

Transient Analysis: [987  /2000 ] 

Transient Analysis: [988  /2000 ] 

Transient Analysis: [989  /2000 ] 

Transient Analysis: [990  /2000 ] 

Transient Analysis: [991  /2000 ] 

Transient Analysis: [992  /2000 ] 

Transient Analysis: [993  /2000 ] 

Transient Analysis: [994  /2000 ] 

Transient Analysis: [995  /2000 ] 

Transient Analysis: [996  /2000 ] 

Transient Analysis: [997  /2000 ] 

Transient Analysis: [998  /2000 ] 

Transient Analysis: [999  /2000 ] 

Transient Analysis: [1000 /2000 ] 

Transient Analysis: [1001 /2000 ] 

Transient Analysis: [1002 /2000 ] 

Transient Analysis: [1003 /2000 ] 

Transient Analysis: [1004 /2000 ] 

Transient Analysis: [1005 /2000 ] 

Transient Analysis: [1006 /2000 ] 

Transient Analysis: [1007 /2000 ] 

Transient Analysis: [1008 /2000 ] 

Transient Analysis: [1009 /2000 ] 

Transient Analysis: [1010 /2000 ] 

Transient Analysis: [1011 /2000 ] 

Transient Analysis: [1012 /2000 ] 

Transient Analysis: [1013 /2000 ] 

Transient Analysis: [1014 /2000 ] 

Transient Analysis: [1015 /2000 ] 

Transient Analysis: [1016 /2000 ] 

Transient Analysis: [1017 /2000 ] 

Transient Analysis: [1018 /2000 ] 

Transient Analysis: [1019 /2000 ] 

Transient Analysis: [1020 /2000 ] 

Transient Analysis: [1021 /2000 ] 

Transient Analysis: [1022 /2000 ] 

Transient Analysis: [1023 /2000 ] 

Transient Analysis: [1024 /2000 ] 

Transient Analysis: [1025 /2000 ] 

Transient Analysis: [1026 /2000 ] 

Transient Analysis: [1027 /2000 ] 

Transient Analysis: [1028 /2000 ] 

Transient Analysis: [1029 /2000 ] 

Transient Analysis: [1030 /2000 ] 

Transient Analysis: [1031 /2000 ] 

Transient Analysis: [1032 /2000 ] 

Transient Analysis: [1033 /2000 ] 

Transient Analysis: [1034 /2000 ] 

Transient Analysis: [1035 /2000 ] 

Transient Analysis: [1036 /2000 ] 

Transient Analysis: [1037 /2000 ] 

Transient Analysis: [1038 /2000 ] 

Transient Analysis: [1039 /2000 ] 

Transient Analysis: [1040 /2000 ] 

Transient Analysis: [1041 /2000 ] 

Transient Analysis: [1042 /2000 ] 

Transient Analysis: [1043 /2000 ] 

Transient Analysis: [1044 /2000 ] 

Transient Analysis: [1045 /2000 ] 

Transient Analysis: [1046 /2000 ] 

Transient Analysis: [1047 /2000 ] 

Transient Analysis: [1048 /2000 ] 

Transient Analysis: [1049 /2000 ] 

Transient Analysis: [1050 /2000 ] 

Transient Analysis: [1051 /2000 ] 

Transient Analysis: [1052 /2000 ] 

Transient Analysis: [1053 /2000 ] 

Transient Analysis: [1054 /2000 ] 

Transient Analysis: [1055 /2000 ] 

Transient Analysis: [1056 /2000 ] 

Transient Analysis: [1057 /2000 ] 

Transient Analysis: [1058 /2000 ] 

Transient Analysis: [1059 /2000 ] 

Transient Analysis: [1060 /2000 ] 

Transient Analysis: [1061 /2000 ] 

Transient Analysis: [1062 /2000 ] 

Transient Analysis: [1063 /2000 ] 

Transient Analysis: [1064 /2000 ] 

Transient Analysis: [1065 /2000 ] 

Transient Analysis: [1066 /2000 ] 

Transient Analysis: [1067 /2000 ] 

Transient Analysis: [1068 /2000 ] 

Transient Analysis: [1069 /2000 ] 

Transient Analysis: [1070 /2000 ] 

Transient Analysis: [1071 /2000 ] 

Transient Analysis: [1072 /2000 ] 

Transient Analysis: [1073 /2000 ] 

Transient Analysis: [1074 /2000 ] 

Transient Analysis: [1075 /2000 ] 

Transient Analysis: [1076 /2000 ] 

Transient Analysis: [1077 /2000 ] 

Transient Analysis: [1078 /2000 ] 

Transient Analysis: [1079 /2000 ] 

Transient Analysis: [1080 /2000 ] 

Transient Analysis: [1081 /2000 ] 

Transient Analysis: [1082 /2000 ] 

Transient Analysis: [1083 /2000 ] 

Transient Analysis: [1084 /2000 ] 

Transient Analysis: [1085 /2000 ] 

Transient Analysis: [1086 /2000 ] 

Transient Analysis: [1087 /2000 ] 

Transient Analysis: [1088 /2000 ] 

Transient Analysis: [1089 /2000 ] 

Transient Analysis: [1090 /2000 ] 

Transient Analysis: [1091 /2000 ] 

Transient Analysis: [1092 /2000 ] 

Transient Analysis: [1093 /2000 ] 

Transient Analysis: [1094 /2000 ] 

Transient Analysis: [1095 /2000 ] 

Transient Analysis: [1096 /2000 ] 

Transient Analysis: [1097 /2000 ] 

Transient Analysis: [1098 /2000 ] 

Transient Analysis: [1099 /2000 ] 

Transient Analysis: [1100 /2000 ] 

Transient Analysis: [1101 /2000 ] 

Transient Analysis: [1102 /2000 ] 

Transient Analysis: [1103 /2000 ] 

Transient Analysis: [1104 /2000 ] 

Transient Analysis: [1105 /2000 ] 

Transient Analysis: [1106 /2000 ] 

Transient Analysis: [1107 /2000 ] 

Transient Analysis: [1108 /2000 ] 

Transient Analysis: [1109 /2000 ] 

Transient Analysis: [1110 /2000 ] 

Transient Analysis: [1111 /2000 ] 

Transient Analysis: [1112 /2000 ] 

Transient Analysis: [1113 /2000 ] 

Transient Analysis: [1114 /2000 ] 

Transient Analysis: [1115 /2000 ] 

Transient Analysis: [1116 /2000 ] 

Transient Analysis: [1117 /2000 ] 

Transient Analysis: [1118 /2000 ] 

Transient Analysis: [1119 /2000 ] 

Transient Analysis: [1120 /2000 ] 

Transient Analysis: [1121 /2000 ] 

Transient Analysis: [1122 /2000 ] 

Transient Analysis: [1123 /2000 ] 

Transient Analysis: [1124 /2000 ] 

Transient Analysis: [1125 /2000 ] 

Transient Analysis: [1126 /2000 ] 

Transient Analysis: [1127 /2000 ] 

Transient Analysis: [1128 /2000 ] 

Transient Analysis: [1129 /2000 ] 

Transient Analysis: [1130 /2000 ] 

Transient Analysis: [1131 /2000 ] 

Transient Analysis: [1132 /2000 ] 

Transient Analysis: [1133 /2000 ] 

Transient Analysis: [1134 /2000 ] 

Transient Analysis: [1135 /2000 ] 

Transient Analysis: [1136 /2000 ] 

Transient Analysis: [1137 /2000 ] 

Transient Analysis: [1138 /2000 ] 

Transient Analysis: [1139 /2000 ] 

Transient Analysis: [1140 /2000 ] 

Transient Analysis: [1141 /2000 ] 

Transient Analysis: [1142 /2000 ] 

Transient Analysis: [1143 /2000 ] 

Transient Analysis: [1144 /2000 ] 

Transient Analysis: [1145 /2000 ] 

Transient Analysis: [1146 /2000 ] 

Transient Analysis: [1147 /2000 ] 

Transient Analysis: [1148 /2000 ] 

Transient Analysis: [1149 /2000 ] 

Transient Analysis: [1150 /2000 ] 

Transient Analysis: [1151 /2000 ] 

Transient Analysis: [1152 /2000 ] 

Transient Analysis: [1153 /2000 ] 

Transient Analysis: [1154 /2000 ] 

Transient Analysis: [1155 /2000 ] 

Transient Analysis: [1156 /2000 ] 

Transient Analysis: [1157 /2000 ] 

Transient Analysis: [1158 /2000 ] 

Transient Analysis: [1159 /2000 ] 

Transient Analysis: [1160 /2000 ] 

Transient Analysis: [1161 /2000 ] 

Transient Analysis: [1162 /2000 ] 

Transient Analysis: [1163 /2000 ] 

Transient Analysis: [1164 /2000 ] 

Transient Analysis: [1165 /2000 ] 

Transient Analysis: [1166 /2000 ] 

Transient Analysis: [1167 /2000 ] 

Transient Analysis: [1168 /2000 ] 

Transient Analysis: [1169 /2000 ] 

Transient Analysis: [1170 /2000 ] 

Transient Analysis: [1171 /2000 ] 

Transient Analysis: [1172 /2000 ] 

Transient Analysis: [1173 /2000 ] 

Transient Analysis: [1174 /2000 ] 

Transient Analysis: [1175 /2000 ] 

Transient Analysis: [1176 /2000 ] 

Transient Analysis: [1177 /2000 ] 

Transient Analysis: [1178 /2000 ] 

Transient Analysis: [1179 /2000 ] 

Transient Analysis: [1180 /2000 ] 

Transient Analysis: [1181 /2000 ] 

Transient Analysis: [1182 /2000 ] 

Transient Analysis: [1183 /2000 ] 

Transient Analysis: [1184 /2000 ] 

Transient Analysis: [1185 /2000 ] 

Transient Analysis: [1186 /2000 ] 

Transient Analysis: [1187 /2000 ] 

Transient Analysis: [1188 /2000 ] 

Transient Analysis: [1189 /2000 ] 

Transient Analysis: [1190 /2000 ] 

Transient Analysis: [1191 /2000 ] 

Transient Analysis: [1192 /2000 ] 

Transient Analysis: [1193 /2000 ] 

Transient Analysis: [1194 /2000 ] 

Transient Analysis: [1195 /2000 ] 

Transient Analysis: [1196 /2000 ] 

Transient Analysis: [1197 /2000 ] 

Transient Analysis: [1198 /2000 ] 

Transient Analysis: [1199 /2000 ] 

Transient Analysis: [1200 /2000 ] 

Transient Analysis: [1201 /2000 ] 

Transient Analysis: [1202 /2000 ] 

Transient Analysis: [1203 /2000 ] 

Transient Analysis: [1204 /2000 ] 

Transient Analysis: [1205 /2000 ] 

Transient Analysis: [1206 /2000 ] 

Transient Analysis: [1207 /2000 ] 

Transient Analysis: [1208 /2000 ] 

Transient Analysis: [1209 /2000 ] 

Transient Analysis: [1210 /2000 ] 

Transient Analysis: [1211 /2000 ] 

Transient Analysis: [1212 /2000 ] 

Transient Analysis: [1213 /2000 ] 

Transient Analysis: [1214 /2000 ] 

Transient Analysis: [1215 /2000 ] 

Transient Analysis: [1216 /2000 ] 

Transient Analysis: [1217 /2000 ] 

Transient Analysis: [1218 /2000 ] 

Transient Analysis: [1219 /2000 ] 

Transient Analysis: [1220 /2000 ] 

Transient Analysis: [1221 /2000 ] 

Transient Analysis: [1222 /2000 ] 

Transient Analysis: [1223 /2000 ] 

Transient Analysis: [1224 /2000 ] 

Transient Analysis: [1225 /2000 ] 

Transient Analysis: [1226 /2000 ] 

Transient Analysis: [1227 /2000 ] 

Transient Analysis: [1228 /2000 ] 

Transient Analysis: [1229 /2000 ] 

Transient Analysis: [1230 /2000 ] 

Transient Analysis: [1231 /2000 ] 

Transient Analysis: [1232 /2000 ] 

Transient Analysis: [1233 /2000 ] 

Transient Analysis: [1234 /2000 ] 

Transient Analysis: [1235 /2000 ] 

Transient Analysis: [1236 /2000 ] 

Transient Analysis: [1237 /2000 ] 

Transient Analysis: [1238 /2000 ] 

Transient Analysis: [1239 /2000 ] 

Transient Analysis: [1240 /2000 ] 

Transient Analysis: [1241 /2000 ] 

Transient Analysis: [1242 /2000 ] 

Transient Analysis: [1243 /2000 ] 

Transient Analysis: [1244 /2000 ] 

Transient Analysis: [1245 /2000 ] 

Transient Analysis: [1246 /2000 ] 

Transient Analysis: [1247 /2000 ] 

Transient Analysis: [1248 /2000 ] 

Transient Analysis: [1249 /2000 ] 

Transient Analysis: [1250 /2000 ] 

Transient Analysis: [1251 /2000 ] 

Transient Analysis: [1252 /2000 ] 

Transient Analysis: [1253 /2000 ] 

Transient Analysis: [1254 /2000 ] 

Transient Analysis: [1255 /2000 ] 

Transient Analysis: [1256 /2000 ] 

Transient Analysis: [1257 /2000 ] 

Transient Analysis: [1258 /2000 ] 

Transient Analysis: [1259 /2000 ] 

Transient Analysis: [1260 /2000 ] 

Transient Analysis: [1261 /2000 ] 

Transient Analysis: [1262 /2000 ] 

Transient Analysis: [1263 /2000 ] 

Transient Analysis: [1264 /2000 ] 

Transient Analysis: [1265 /2000 ] 

Transient Analysis: [1266 /2000 ] 

Transient Analysis: [1267 /2000 ] 

Transient Analysis: [1268 /2000 ] 

Transient Analysis: [1269 /2000 ] 

Transient Analysis: [1270 /2000 ] 

Transient Analysis: [1271 /2000 ] 

Transient Analysis: [1272 /2000 ] 

Transient Analysis: [1273 /2000 ] 

Transient Analysis: [1274 /2000 ] 

Transient Analysis: [1275 /2000 ] 

Transient Analysis: [1276 /2000 ] 

Transient Analysis: [1277 /2000 ] 

Transient Analysis: [1278 /2000 ] 

Transient Analysis: [1279 /2000 ] 

Transient Analysis: [1280 /2000 ] 

Transient Analysis: [1281 /2000 ] 

Transient Analysis: [1282 /2000 ] 

Transient Analysis: [1283 /2000 ] 

Transient Analysis: [1284 /2000 ] 

Transient Analysis: [1285 /2000 ] 

Transient Analysis: [1286 /2000 ] 

Transient Analysis: [1287 /2000 ] 

Transient Analysis: [1288 /2000 ] 

Transient Analysis: [1289 /2000 ] 

Transient Analysis: [1290 /2000 ] 

Transient Analysis: [1291 /2000 ] 

Transient Analysis: [1292 /2000 ] 

Transient Analysis: [1293 /2000 ] 

Transient Analysis: [1294 /2000 ] 

Transient Analysis: [1295 /2000 ] 

Transient Analysis: [1296 /2000 ] 

Transient Analysis: [1297 /2000 ] 

Transient Analysis: [1298 /2000 ] 

Transient Analysis: [1299 /2000 ] 

Transient Analysis: [1300 /2000 ] 

Transient Analysis: [1301 /2000 ] 

Transient Analysis: [1302 /2000 ] 

Transient Analysis: [1303 /2000 ] 

Transient Analysis: [1304 /2000 ] 

Transient Analysis: [1305 /2000 ] 

Transient Analysis: [1306 /2000 ] 

Transient Analysis: [1307 /2000 ] 

Transient Analysis: [1308 /2000 ] 

Transient Analysis: [1309 /2000 ] 

Transient Analysis: [1310 /2000 ] 

Transient Analysis: [1311 /2000 ] 

Transient Analysis: [1312 /2000 ] 

Transient Analysis: [1313 /2000 ] 

Transient Analysis: [1314 /2000 ] 

Transient Analysis: [1315 /2000 ] 

Transient Analysis: [1316 /2000 ] 

Transient Analysis: [1317 /2000 ] 

Transient Analysis: [1318 /2000 ] 

Transient Analysis: [1319 /2000 ] 

Transient Analysis: [1320 /2000 ] 

Transient Analysis: [1321 /2000 ] 

Transient Analysis: [1322 /2000 ] 

Transient Analysis: [1323 /2000 ] 

Transient Analysis: [1324 /2000 ] 

Transient Analysis: [1325 /2000 ] 

Transient Analysis: [1326 /2000 ] 

Transient Analysis: [1327 /2000 ] 

Transient Analysis: [1328 /2000 ] 

Transient Analysis: [1329 /2000 ] 

Transient Analysis: [1330 /2000 ] 

Transient Analysis: [1331 /2000 ] 

Transient Analysis: [1332 /2000 ] 

Transient Analysis: [1333 /2000 ] 

Transient Analysis: [1334 /2000 ] 

Transient Analysis: [1335 /2000 ] 

Transient Analysis: [1336 /2000 ] 

Transient Analysis: [1337 /2000 ] 

Transient Analysis: [1338 /2000 ] 

Transient Analysis: [1339 /2000 ] 

Transient Analysis: [1340 /2000 ] 

Transient Analysis: [1341 /2000 ] 

Transient Analysis: [1342 /2000 ] 

Transient Analysis: [1343 /2000 ] 

Transient Analysis: [1344 /2000 ] 

Transient Analysis: [1345 /2000 ] 

Transient Analysis: [1346 /2000 ] 

Transient Analysis: [1347 /2000 ] 

Transient Analysis: [1348 /2000 ] 

Transient Analysis: [1349 /2000 ] 

Transient Analysis: [1350 /2000 ] 

Transient Analysis: [1351 /2000 ] 

Transient Analysis: [1352 /2000 ] 

Transient Analysis: [1353 /2000 ] 

Transient Analysis: [1354 /2000 ] 

Transient Analysis: [1355 /2000 ] 

Transient Analysis: [1356 /2000 ] 

Transient Analysis: [1357 /2000 ] 

Transient Analysis: [1358 /2000 ] 

Transient Analysis: [1359 /2000 ] 

Transient Analysis: [1360 /2000 ] 

Transient Analysis: [1361 /2000 ] 

Transient Analysis: [1362 /2000 ] 

Transient Analysis: [1363 /2000 ] 

Transient Analysis: [1364 /2000 ] 

Transient Analysis: [1365 /2000 ] 

Transient Analysis: [1366 /2000 ] 

Transient Analysis: [1367 /2000 ] 

Transient Analysis: [1368 /2000 ] 

Transient Analysis: [1369 /2000 ] 

Transient Analysis: [1370 /2000 ] 

Transient Analysis: [1371 /2000 ] 

Transient Analysis: [1372 /2000 ] 

Transient Analysis: [1373 /2000 ] 

Transient Analysis: [1374 /2000 ] 

Transient Analysis: [1375 /2000 ] 

Transient Analysis: [1376 /2000 ] 

Transient Analysis: [1377 /2000 ] 

Transient Analysis: [1378 /2000 ] 

Transient Analysis: [1379 /2000 ] 

Transient Analysis: [1380 /2000 ] 

Transient Analysis: [1381 /2000 ] 

Transient Analysis: [1382 /2000 ] 

Transient Analysis: [1383 /2000 ] 

Transient Analysis: [1384 /2000 ] 

Transient Analysis: [1385 /2000 ] 

Transient Analysis: [1386 /2000 ] 

Transient Analysis: [1387 /2000 ] 

Transient Analysis: [1388 /2000 ] 

Transient Analysis: [1389 /2000 ] 

Transient Analysis: [1390 /2000 ] 

Transient Analysis: [1391 /2000 ] 

Transient Analysis: [1392 /2000 ] 

Transient Analysis: [1393 /2000 ] 

Transient Analysis: [1394 /2000 ] 

Transient Analysis: [1395 /2000 ] 

Transient Analysis: [1396 /2000 ] 

Transient Analysis: [1397 /2000 ] 

Transient Analysis: [1398 /2000 ] 

Transient Analysis: [1399 /2000 ] 

Transient Analysis: [1400 /2000 ] 

Transient Analysis: [1401 /2000 ] 

Transient Analysis: [1402 /2000 ] 

Transient Analysis: [1403 /2000 ] 

Transient Analysis: [1404 /2000 ] 

Transient Analysis: [1405 /2000 ] 

Transient Analysis: [1406 /2000 ] 

Transient Analysis: [1407 /2000 ] 

Transient Analysis: [1408 /2000 ] 

Transient Analysis: [1409 /2000 ] 

Transient Analysis: [1410 /2000 ] 

Transient Analysis: [1411 /2000 ] 

Transient Analysis: [1412 /2000 ] 

Transient Analysis: [1413 /2000 ] 

Transient Analysis: [1414 /2000 ] 

Transient Analysis: [1415 /2000 ] 

Transient Analysis: [1416 /2000 ] 

Transient Analysis: [1417 /2000 ] 

Transient Analysis: [1418 /2000 ] 

Transient Analysis: [1419 /2000 ] 

Transient Analysis: [1420 /2000 ] 

Transient Analysis: [1421 /2000 ] 

Transient Analysis: [1422 /2000 ] 

Transient Analysis: [1423 /2000 ] 

Transient Analysis: [1424 /2000 ] 

Transient Analysis: [1425 /2000 ] 

Transient Analysis: [1426 /2000 ] 

Transient Analysis: [1427 /2000 ] 

Transient Analysis: [1428 /2000 ] 

Transient Analysis: [1429 /2000 ] 

Transient Analysis: [1430 /2000 ] 

Transient Analysis: [1431 /2000 ] 

Transient Analysis: [1432 /2000 ] 

Transient Analysis: [1433 /2000 ] 

Transient Analysis: [1434 /2000 ] 

Transient Analysis: [1435 /2000 ] 

Transient Analysis: [1436 /2000 ] 

Transient Analysis: [1437 /2000 ] 

Transient Analysis: [1438 /2000 ] 

Transient Analysis: [1439 /2000 ] 

Transient Analysis: [1440 /2000 ] 

Transient Analysis: [1441 /2000 ] 

Transient Analysis: [1442 /2000 ] 

Transient Analysis: [1443 /2000 ] 

Transient Analysis: [1444 /2000 ] 

Transient Analysis: [1445 /2000 ] 

Transient Analysis: [1446 /2000 ] 

Transient Analysis: [1447 /2000 ] 

Transient Analysis: [1448 /2000 ] 

Transient Analysis: [1449 /2000 ] 

Transient Analysis: [1450 /2000 ] 

Transient Analysis: [1451 /2000 ] 

Transient Analysis: [1452 /2000 ] 

Transient Analysis: [1453 /2000 ] 

Transient Analysis: [1454 /2000 ] 

Transient Analysis: [1455 /2000 ] 

Transient Analysis: [1456 /2000 ] 

Transient Analysis: [1457 /2000 ] 

Transient Analysis: [1458 /2000 ] 

Transient Analysis: [1459 /2000 ] 

Transient Analysis: [1460 /2000 ] 

Transient Analysis: [1461 /2000 ] 

Transient Analysis: [1462 /2000 ] 

Transient Analysis: [1463 /2000 ] 

Transient Analysis: [1464 /2000 ] 

Transient Analysis: [1465 /2000 ] 

Transient Analysis: [1466 /2000 ] 

Transient Analysis: [1467 /2000 ] 

Transient Analysis: [1468 /2000 ] 

Transient Analysis: [1469 /2000 ] 

Transient Analysis: [1470 /2000 ] 

Transient Analysis: [1471 /2000 ] 

Transient Analysis: [1472 /2000 ] 

Transient Analysis: [1473 /2000 ] 

Transient Analysis: [1474 /2000 ] 

Transient Analysis: [1475 /2000 ] 

Transient Analysis: [1476 /2000 ] 

Transient Analysis: [1477 /2000 ] 

Transient Analysis: [1478 /2000 ] 

Transient Analysis: [1479 /2000 ] 

Transient Analysis: [1480 /2000 ] 

Transient Analysis: [1481 /2000 ] 

Transient Analysis: [1482 /2000 ] 

Transient Analysis: [1483 /2000 ] 

Transient Analysis: [1484 /2000 ] 

Transient Analysis: [1485 /2000 ] 

Transient Analysis: [1486 /2000 ] 

Transient Analysis: [1487 /2000 ] 

Transient Analysis: [1488 /2000 ] 

Transient Analysis: [1489 /2000 ] 

Transient Analysis: [1490 /2000 ] 

Transient Analysis: [1491 /2000 ] 

Transient Analysis: [1492 /2000 ] 

Transient Analysis: [1493 /2000 ] 

Transient Analysis: [1494 /2000 ] 

Transient Analysis: [1495 /2000 ] 

Transient Analysis: [1496 /2000 ] 

Transient Analysis: [1497 /2000 ] 

Transient Analysis: [1498 /2000 ] 

Transient Analysis: [1499 /2000 ] 

Transient Analysis: [1500 /2000 ] 

Transient Analysis: [1501 /2000 ] 

Transient Analysis: [1502 /2000 ] 

Transient Analysis: [1503 /2000 ] 

Transient Analysis: [1504 /2000 ] 

Transient Analysis: [1505 /2000 ] 

Transient Analysis: [1506 /2000 ] 

Transient Analysis: [1507 /2000 ] 

Transient Analysis: [1508 /2000 ] 

Transient Analysis: [1509 /2000 ] 

Transient Analysis: [1510 /2000 ] 

Transient Analysis: [1511 /2000 ] 

Transient Analysis: [1512 /2000 ] 

Transient Analysis: [1513 /2000 ] 

Transient Analysis: [1514 /2000 ] 

Transient Analysis: [1515 /2000 ] 

Transient Analysis: [1516 /2000 ] 

Transient Analysis: [1517 /2000 ] 

Transient Analysis: [1518 /2000 ] 

Transient Analysis: [1519 /2000 ] 

Transient Analysis: [1520 /2000 ] 

Transient Analysis: [1521 /2000 ] 

Transient Analysis: [1522 /2000 ] 

Transient Analysis: [1523 /2000 ] 

Transient Analysis: [1524 /2000 ] 

Transient Analysis: [1525 /2000 ] 

Transient Analysis: [1526 /2000 ] 

Transient Analysis: [1527 /2000 ] 

Transient Analysis: [1528 /2000 ] 

Transient Analysis: [1529 /2000 ] 

Transient Analysis: [1530 /2000 ] 

Transient Analysis: [1531 /2000 ] 

Transient Analysis: [1532 /2000 ] 

Transient Analysis: [1533 /2000 ] 

Transient Analysis: [1534 /2000 ] 

Transient Analysis: [1535 /2000 ] 

Transient Analysis: [1536 /2000 ] 

Transient Analysis: [1537 /2000 ] 

Transient Analysis: [1538 /2000 ] 

Transient Analysis: [1539 /2000 ] 

Transient Analysis: [1540 /2000 ] 

Transient Analysis: [1541 /2000 ] 

Transient Analysis: [1542 /2000 ] 

Transient Analysis: [1543 /2000 ] 

Transient Analysis: [1544 /2000 ] 

Transient Analysis: [1545 /2000 ] 

Transient Analysis: [1546 /2000 ] 

Transient Analysis: [1547 /2000 ] 

Transient Analysis: [1548 /2000 ] 

Transient Analysis: [1549 /2000 ] 

Transient Analysis: [1550 /2000 ] 

Transient Analysis: [1551 /2000 ] 

Transient Analysis: [1552 /2000 ] 

Transient Analysis: [1553 /2000 ] 

Transient Analysis: [1554 /2000 ] 

Transient Analysis: [1555 /2000 ] 

Transient Analysis: [1556 /2000 ] 

Transient Analysis: [1557 /2000 ] 

Transient Analysis: [1558 /2000 ] 

Transient Analysis: [1559 /2000 ] 

Transient Analysis: [1560 /2000 ] 

Transient Analysis: [1561 /2000 ] 

Transient Analysis: [1562 /2000 ] 

Transient Analysis: [1563 /2000 ] 

Transient Analysis: [1564 /2000 ] 

Transient Analysis: [1565 /2000 ] 

Transient Analysis: [1566 /2000 ] 

Transient Analysis: [1567 /2000 ] 

Transient Analysis: [1568 /2000 ] 

Transient Analysis: [1569 /2000 ] 

Transient Analysis: [1570 /2000 ] 

Transient Analysis: [1571 /2000 ] 

Transient Analysis: [1572 /2000 ] 

Transient Analysis: [1573 /2000 ] 

Transient Analysis: [1574 /2000 ] 

Transient Analysis: [1575 /2000 ] 

Transient Analysis: [1576 /2000 ] 

Transient Analysis: [1577 /2000 ] 

Transient Analysis: [1578 /2000 ] 

Transient Analysis: [1579 /2000 ] 

Transient Analysis: [1580 /2000 ] 

Transient Analysis: [1581 /2000 ] 

Transient Analysis: [1582 /2000 ] 

Transient Analysis: [1583 /2000 ] 

Transient Analysis: [1584 /2000 ] 

Transient Analysis: [1585 /2000 ] 

Transient Analysis: [1586 /2000 ] 

Transient Analysis: [1587 /2000 ] 

Transient Analysis: [1588 /2000 ] 

Transient Analysis: [1589 /2000 ] 

Transient Analysis: [1590 /2000 ] 

Transient Analysis: [1591 /2000 ] 

Transient Analysis: [1592 /2000 ] 

Transient Analysis: [1593 /2000 ] 

Transient Analysis: [1594 /2000 ] 

Transient Analysis: [1595 /2000 ] 

Transient Analysis: [1596 /2000 ] 

Transient Analysis: [1597 /2000 ] 

Transient Analysis: [1598 /2000 ] 

Transient Analysis: [1599 /2000 ] 

Transient Analysis: [1600 /2000 ] 

Transient Analysis: [1601 /2000 ] 

Transient Analysis: [1602 /2000 ] 

Transient Analysis: [1603 /2000 ] 

Transient Analysis: [1604 /2000 ] 

Transient Analysis: [1605 /2000 ] 

Transient Analysis: [1606 /2000 ] 

Transient Analysis: [1607 /2000 ] 

Transient Analysis: [1608 /2000 ] 

Transient Analysis: [1609 /2000 ] 

Transient Analysis: [1610 /2000 ] 

Transient Analysis: [1611 /2000 ] 

Transient Analysis: [1612 /2000 ] 

Transient Analysis: [1613 /2000 ] 

Transient Analysis: [1614 /2000 ] 

Transient Analysis: [1615 /2000 ] 

Transient Analysis: [1616 /2000 ] 

Transient Analysis: [1617 /2000 ] 

Transient Analysis: [1618 /2000 ] 

Transient Analysis: [1619 /2000 ] 

Transient Analysis: [1620 /2000 ] 

Transient Analysis: [1621 /2000 ] 

Transient Analysis: [1622 /2000 ] 

Transient Analysis: [1623 /2000 ] 

Transient Analysis: [1624 /2000 ] 

Transient Analysis: [1625 /2000 ] 

Transient Analysis: [1626 /2000 ] 

Transient Analysis: [1627 /2000 ] 

Transient Analysis: [1628 /2000 ] 

Transient Analysis: [1629 /2000 ] 

Transient Analysis: [1630 /2000 ] 

Transient Analysis: [1631 /2000 ] 

Transient Analysis: [1632 /2000 ] 

Transient Analysis: [1633 /2000 ] 

Transient Analysis: [1634 /2000 ] 

Transient Analysis: [1635 /2000 ] 

Transient Analysis: [1636 /2000 ] 

Transient Analysis: [1637 /2000 ] 

Transient Analysis: [1638 /2000 ] 

Transient Analysis: [1639 /2000 ] 

Transient Analysis: [1640 /2000 ] 

Transient Analysis: [1641 /2000 ] 

Transient Analysis: [1642 /2000 ] 

Transient Analysis: [1643 /2000 ] 

Transient Analysis: [1644 /2000 ] 

Transient Analysis: [1645 /2000 ] 

Transient Analysis: [1646 /2000 ] 

Transient Analysis: [1647 /2000 ] 

Transient Analysis: [1648 /2000 ] 

Transient Analysis: [1649 /2000 ] 

Transient Analysis: [1650 /2000 ] 

Transient Analysis: [1651 /2000 ] 

Transient Analysis: [1652 /2000 ] 

Transient Analysis: [1653 /2000 ] 

Transient Analysis: [1654 /2000 ] 

Transient Analysis: [1655 /2000 ] 

Transient Analysis: [1656 /2000 ] 

Transient Analysis: [1657 /2000 ] 

Transient Analysis: [1658 /2000 ] 

Transient Analysis: [1659 /2000 ] 

Transient Analysis: [1660 /2000 ] 

Transient Analysis: [1661 /2000 ] 

Transient Analysis: [1662 /2000 ] 

Transient Analysis: [1663 /2000 ] 

Transient Analysis: [1664 /2000 ] 

Transient Analysis: [1665 /2000 ] 

Transient Analysis: [1666 /2000 ] 

Transient Analysis: [1667 /2000 ] 

Transient Analysis: [1668 /2000 ] 

Transient Analysis: [1669 /2000 ] 

Transient Analysis: [1670 /2000 ] 

Transient Analysis: [1671 /2000 ] 

Transient Analysis: [1672 /2000 ] 

Transient Analysis: [1673 /2000 ] 

Transient Analysis: [1674 /2000 ] 

Transient Analysis: [1675 /2000 ] 

Transient Analysis: [1676 /2000 ] 

Transient Analysis: [1677 /2000 ] 

Transient Analysis: [1678 /2000 ] 

Transient Analysis: [1679 /2000 ] 

Transient Analysis: [1680 /2000 ] 

Transient Analysis: [1681 /2000 ] 

Transient Analysis: [1682 /2000 ] 

Transient Analysis: [1683 /2000 ] 

Transient Analysis: [1684 /2000 ] 

Transient Analysis: [1685 /2000 ] 

Transient Analysis: [1686 /2000 ] 

Transient Analysis: [1687 /2000 ] 

Transient Analysis: [1688 /2000 ] 

Transient Analysis: [1689 /2000 ] 

Transient Analysis: [1690 /2000 ] 

Transient Analysis: [1691 /2000 ] 

Transient Analysis: [1692 /2000 ] 

Transient Analysis: [1693 /2000 ] 

Transient Analysis: [1694 /2000 ] 

Transient Analysis: [1695 /2000 ] 

Transient Analysis: [1696 /2000 ] 

Transient Analysis: [1697 /2000 ] 

Transient Analysis: [1698 /2000 ] 

Transient Analysis: [1699 /2000 ] 

Transient Analysis: [1700 /2000 ] 

Transient Analysis: [1701 /2000 ] 

Transient Analysis: [1702 /2000 ] 

Transient Analysis: [1703 /2000 ] 

Transient Analysis: [1704 /2000 ] 

Transient Analysis: [1705 /2000 ] 

Transient Analysis: [1706 /2000 ] 

Transient Analysis: [1707 /2000 ] 

Transient Analysis: [1708 /2000 ] 

Transient Analysis: [1709 /2000 ] 

Transient Analysis: [1710 /2000 ] 

Transient Analysis: [1711 /2000 ] 

Transient Analysis: [1712 /2000 ] 

Transient Analysis: [1713 /2000 ] 

Transient Analysis: [1714 /2000 ] 

Transient Analysis: [1715 /2000 ] 

Transient Analysis: [1716 /2000 ] 

Transient Analysis: [1717 /2000 ] 

Transient Analysis: [1718 /2000 ] 

Transient Analysis: [1719 /2000 ] 

Transient Analysis: [1720 /2000 ] 

Transient Analysis: [1721 /2000 ] 

Transient Analysis: [1722 /2000 ] 

Transient Analysis: [1723 /2000 ] 

Transient Analysis: [1724 /2000 ] 

Transient Analysis: [1725 /2000 ] 

Transient Analysis: [1726 /2000 ] 

Transient Analysis: [1727 /2000 ] 

Transient Analysis: [1728 /2000 ] 

Transient Analysis: [1729 /2000 ] 

Transient Analysis: [1730 /2000 ] 

Transient Analysis: [1731 /2000 ] 

Transient Analysis: [1732 /2000 ] 

Transient Analysis: [1733 /2000 ] 

Transient Analysis: [1734 /2000 ] 

Transient Analysis: [1735 /2000 ] 

Transient Analysis: [1736 /2000 ] 

Transient Analysis: [1737 /2000 ] 

Transient Analysis: [1738 /2000 ] 

Transient Analysis: [1739 /2000 ] 

Transient Analysis: [1740 /2000 ] 

Transient Analysis: [1741 /2000 ] 

Transient Analysis: [1742 /2000 ] 

Transient Analysis: [1743 /2000 ] 

Transient Analysis: [1744 /2000 ] 

Transient Analysis: [1745 /2000 ] 

Transient Analysis: [1746 /2000 ] 

Transient Analysis: [1747 /2000 ] 

Transient Analysis: [1748 /2000 ] 

Transient Analysis: [1749 /2000 ] 

Transient Analysis: [1750 /2000 ] 

Transient Analysis: [1751 /2000 ] 

Transient Analysis: [1752 /2000 ] 

Transient Analysis: [1753 /2000 ] 

Transient Analysis: [1754 /2000 ] 

Transient Analysis: [1755 /2000 ] 

Transient Analysis: [1756 /2000 ] 

Transient Analysis: [1757 /2000 ] 

Transient Analysis: [1758 /2000 ] 

Transient Analysis: [1759 /2000 ] 

Transient Analysis: [1760 /2000 ] 

Transient Analysis: [1761 /2000 ] 

Transient Analysis: [1762 /2000 ] 

Transient Analysis: [1763 /2000 ] 

Transient Analysis: [1764 /2000 ] 

Transient Analysis: [1765 /2000 ] 

Transient Analysis: [1766 /2000 ] 

Transient Analysis: [1767 /2000 ] 

Transient Analysis: [1768 /2000 ] 

Transient Analysis: [1769 /2000 ] 

Transient Analysis: [1770 /2000 ] 

Transient Analysis: [1771 /2000 ] 

Transient Analysis: [1772 /2000 ] 

Transient Analysis: [1773 /2000 ] 

Transient Analysis: [1774 /2000 ] 

Transient Analysis: [1775 /2000 ] 

Transient Analysis: [1776 /2000 ] 

Transient Analysis: [1777 /2000 ] 

Transient Analysis: [1778 /2000 ] 

Transient Analysis: [1779 /2000 ] 

Transient Analysis: [1780 /2000 ] 

Transient Analysis: [1781 /2000 ] 

Transient Analysis: [1782 /2000 ] 

Transient Analysis: [1783 /2000 ] 

Transient Analysis: [1784 /2000 ] 

Transient Analysis: [1785 /2000 ] 

Transient Analysis: [1786 /2000 ] 

Transient Analysis: [1787 /2000 ] 

Transient Analysis: [1788 /2000 ] 

Transient Analysis: [1789 /2000 ] 

Transient Analysis: [1790 /2000 ] 

Transient Analysis: [1791 /2000 ] 

Transient Analysis: [1792 /2000 ] 

Transient Analysis: [1793 /2000 ] 

Transient Analysis: [1794 /2000 ] 

Transient Analysis: [1795 /2000 ] 

Transient Analysis: [1796 /2000 ] 

Transient Analysis: [1797 /2000 ] 

Transient Analysis: [1798 /2000 ] 

Transient Analysis: [1799 /2000 ] 

Transient Analysis: [1800 /2000 ] 

Transient Analysis: [1801 /2000 ] 

Transient Analysis: [1802 /2000 ] 

Transient Analysis: [1803 /2000 ] 

Transient Analysis: [1804 /2000 ] 

Transient Analysis: [1805 /2000 ] 

Transient Analysis: [1806 /2000 ] 

Transient Analysis: [1807 /2000 ] 

Transient Analysis: [1808 /2000 ] 

Transient Analysis: [1809 /2000 ] 

Transient Analysis: [1810 /2000 ] 

Transient Analysis: [1811 /2000 ] 

Transient Analysis: [1812 /2000 ] 

Transient Analysis: [1813 /2000 ] 

Transient Analysis: [1814 /2000 ] 

Transient Analysis: [1815 /2000 ] 

Transient Analysis: [1816 /2000 ] 

Transient Analysis: [1817 /2000 ] 

Transient Analysis: [1818 /2000 ] 

Transient Analysis: [1819 /2000 ] 

Transient Analysis: [1820 /2000 ] 

Transient Analysis: [1821 /2000 ] 

Transient Analysis: [1822 /2000 ] 

Transient Analysis: [1823 /2000 ] 

Transient Analysis: [1824 /2000 ] 

Transient Analysis: [1825 /2000 ] 

Transient Analysis: [1826 /2000 ] 

Transient Analysis: [1827 /2000 ] 

Transient Analysis: [1828 /2000 ] 

Transient Analysis: [1829 /2000 ] 

Transient Analysis: [1830 /2000 ] 

Transient Analysis: [1831 /2000 ] 

Transient Analysis: [1832 /2000 ] 

Transient Analysis: [1833 /2000 ] 

Transient Analysis: [1834 /2000 ] 

Transient Analysis: [1835 /2000 ] 

Transient Analysis: [1836 /2000 ] 

Transient Analysis: [1837 /2000 ] 

Transient Analysis: [1838 /2000 ] 

Transient Analysis: [1839 /2000 ] 

Transient Analysis: [1840 /2000 ] 

Transient Analysis: [1841 /2000 ] 

Transient Analysis: [1842 /2000 ] 

Transient Analysis: [1843 /2000 ] 

Transient Analysis: [1844 /2000 ] 

Transient Analysis: [1845 /2000 ] 

Transient Analysis: [1846 /2000 ] 

Transient Analysis: [1847 /2000 ] 

Transient Analysis: [1848 /2000 ] 

Transient Analysis: [1849 /2000 ] 

Transient Analysis: [1850 /2000 ] 

Transient Analysis: [1851 /2000 ] 

Transient Analysis: [1852 /2000 ] 

Transient Analysis: [1853 /2000 ] 

Transient Analysis: [1854 /2000 ] 

Transient Analysis: [1855 /2000 ] 

Transient Analysis: [1856 /2000 ] 

Transient Analysis: [1857 /2000 ] 

Transient Analysis: [1858 /2000 ] 

Transient Analysis: [1859 /2000 ] 

Transient Analysis: [1860 /2000 ] 

Transient Analysis: [1861 /2000 ] 

Transient Analysis: [1862 /2000 ] 

Transient Analysis: [1863 /2000 ] 

Transient Analysis: [1864 /2000 ] 

Transient Analysis: [1865 /2000 ] 

Transient Analysis: [1866 /2000 ] 

Transient Analysis: [1867 /2000 ] 

Transient Analysis: [1868 /2000 ] 

Transient Analysis: [1869 /2000 ] 

Transient Analysis: [1870 /2000 ] 

Transient Analysis: [1871 /2000 ] 

Transient Analysis: [1872 /2000 ] 

Transient Analysis: [1873 /2000 ] 

Transient Analysis: [1874 /2000 ] 

Transient Analysis: [1875 /2000 ] 

Transient Analysis: [1876 /2000 ] 

Transient Analysis: [1877 /2000 ] 

Transient Analysis: [1878 /2000 ] 

Transient Analysis: [1879 /2000 ] 

Transient Analysis: [1880 /2000 ] 

Transient Analysis: [1881 /2000 ] 

Transient Analysis: [1882 /2000 ] 

Transient Analysis: [1883 /2000 ] 

Transient Analysis: [1884 /2000 ] 

Transient Analysis: [1885 /2000 ] 

Transient Analysis: [1886 /2000 ] 

Transient Analysis: [1887 /2000 ] 

Transient Analysis: [1888 /2000 ] 

Transient Analysis: [1889 /2000 ] 

Transient Analysis: [1890 /2000 ] 

Transient Analysis: [1891 /2000 ] 

Transient Analysis: [1892 /2000 ] 

Transient Analysis: [1893 /2000 ] 

Transient Analysis: [1894 /2000 ] 

Transient Analysis: [1895 /2000 ] 

Transient Analysis: [1896 /2000 ] 

Transient Analysis: [1897 /2000 ] 

Transient Analysis: [1898 /2000 ] 

Transient Analysis: [1899 /2000 ] 

Transient Analysis: [1900 /2000 ] 

Transient Analysis: [1901 /2000 ] 

Transient Analysis: [1902 /2000 ] 

Transient Analysis: [1903 /2000 ] 

Transient Analysis: [1904 /2000 ] 

Transient Analysis: [1905 /2000 ] 

Transient Analysis: [1906 /2000 ] 

Transient Analysis: [1907 /2000 ] 

Transient Analysis: [1908 /2000 ] 

Transient Analysis: [1909 /2000 ] 

Transient Analysis: [1910 /2000 ] 

Transient Analysis: [1911 /2000 ] 

Transient Analysis: [1912 /2000 ] 

Transient Analysis: [1913 /2000 ] 

Transient Analysis: [1914 /2000 ] 

Transient Analysis: [1915 /2000 ] 

Transient Analysis: [1916 /2000 ] 

Transient Analysis: [1917 /2000 ] 

Transient Analysis: [1918 /2000 ] 

Transient Analysis: [1919 /2000 ] 

Transient Analysis: [1920 /2000 ] 

Transient Analysis: [1921 /2000 ] 

Transient Analysis: [1922 /2000 ] 

Transient Analysis: [1923 /2000 ] 

Transient Analysis: [1924 /2000 ] 

Transient Analysis: [1925 /2000 ] 

Transient Analysis: [1926 /2000 ] 

Transient Analysis: [1927 /2000 ] 

Transient Analysis: [1928 /2000 ] 

Transient Analysis: [1929 /2000 ] 

Transient Analysis: [1930 /2000 ] 

Transient Analysis: [1931 /2000 ] 

Transient Analysis: [1932 /2000 ] 

Transient Analysis: [1933 /2000 ] 

Transient Analysis: [1934 /2000 ] 

Transient Analysis: [1935 /2000 ] 

Transient Analysis: [1936 /2000 ] 

Transient Analysis: [1937 /2000 ] 

Transient Analysis: [1938 /2000 ] 

Transient Analysis: [1939 /2000 ] 

Transient Analysis: [1940 /2000 ] 

Transient Analysis: [1941 /2000 ] 

Transient Analysis: [1942 /2000 ] 

Transient Analysis: [1943 /2000 ] 

Transient Analysis: [1944 /2000 ] 

Transient Analysis: [1945 /2000 ] 

Transient Analysis: [1946 /2000 ] 

Transient Analysis: [1947 /2000 ] 

Transient Analysis: [1948 /2000 ] 

Transient Analysis: [1949 /2000 ] 

Transient Analysis: [1950 /2000 ] 

Transient Analysis: [1951 /2000 ] 

Transient Analysis: [1952 /2000 ] 

Transient Analysis: [1953 /2000 ] 

Transient Analysis: [1954 /2000 ] 

Transient Analysis: [1955 /2000 ] 

Transient Analysis: [1956 /2000 ] 

Transient Analysis: [1957 /2000 ] 

Transient Analysis: [1958 /2000 ] 

Transient Analysis: [1959 /2000 ] 

Transient Analysis: [1960 /2000 ] 

Transient Analysis: [1961 /2000 ] 

Transient Analysis: [1962 /2000 ] 

Transient Analysis: [1963 /2000 ] 

Transient Analysis: [1964 /2000 ] 

Transient Analysis: [1965 /2000 ] 

Transient Analysis: [1966 /2000 ] 

Transient Analysis: [1967 /2000 ] 

Transient Analysis: [1968 /2000 ] 

Transient Analysis: [1969 /2000 ] 

Transient Analysis: [1970 /2000 ] 

Transient Analysis: [1971 /2000 ] 

Transient Analysis: [1972 /2000 ] 

Transient Analysis: [1973 /2000 ] 

Transient Analysis: [1974 /2000 ] 

Transient Analysis: [1975 /2000 ] 

Transient Analysis: [1976 /2000 ] 

Transient Analysis: [1977 /2000 ] 

Transient Analysis: [1978 /2000 ] 

Transient Analysis: [1979 /2000 ] 

Transient Analysis: [1980 /2000 ] 

Transient Analysis: [1981 /2000 ] 

Transient Analysis: [1982 /2000 ] 

Transient Analysis: [1983 /2000 ] 

Transient Analysis: [1984 /2000 ] 

Transient Analysis: [1985 /2000 ] 

Transient Analysis: [1986 /2000 ] 

Transient Analysis: [1987 /2000 ] 

Transient Analysis: [1988 /2000 ] 

Transient Analysis: [1989 /2000 ] 

Transient Analysis: [1990 /2000 ] 

Transient Analysis: [1991 /2000 ] 

Transient Analysis: [1992 /2000 ] 

Transient Analysis: [1993 /2000 ] 

Transient Analysis: [1994 /2000 ] 

Transient Analysis: [1995 /2000 ] 

Transient Analysis: [1996 /2000 ] 

Transient Analysis: [1997 /2000 ] 

Transient Analysis: [1998 /2000 ] 

Transient Analysis: [1999 /2000 ] 

Transient Analysis: [2000 /2000 ] 

> Analysis End -------------------------------------------------------------------------------
How polite! Bye, have a nice day!
