                                                               
                                                               
  The Finite Element Interpreter                               
                                                               
  Real ESSI                                                  
  Earthquake Soil Structure Interaction Simulator            
                                                             
  Sequential processing mode.                                
                                                             
Version Name   : Academic Version. Release date: Apr 9 2017 at 11:19:12. Tag: 0e09418010
Version Branch : yuan
Compile Date   : Apr 12 2017 at 18:42:18
Compile User   : yuan
Compile Sysinfo: cml01 4.4.0-72-generic x86_64 GNU/Linux
Runtime User   : Runtime Sysinfo: Time Now       : Apr 13 2017 at 10:10:14
                                                               
Static startup tips:                                           
 * Remember: Every command ends with a semicolon ';'.          
 * Type 'quit;' or 'exit;' to finish.                          
 * Run 'essi -h' to see available command line options.        
                                                               
Including: "main.fei"


Model name is being set to "veri_newmark"



Starting new stage: static

changing previous_stage_name from  to static

Starting sequential static multistep analysis
====================================================================================================
Creating analysis model........................................................................Pass!
Checking constraint handler....................................................................Pass!
Checking numberer..............................................................................Pass!
Checking analysis algorithm....................................................................Pass!
Checking system of equation handler............................................................Pass!
Checking static integration handler............................................................Pass!

 
 Writing Initial Conditions and   (0) - Outputting mesh.

Static Analysis: [    1/1    ] 

> Analysis End -------------------------------------------------------------------------------


Starting new stage: dynamic

changing previous_stage_name from static to dynamic

Starting sequential transient multistep analysis
====================================================================================================
Creating analysis model........................................................................Pass!
Checking constraint handler....................................................................Pass!
Checking numberer..............................................................................Pass!
Checking analysis algorithm....................................................................Pass!
Checking system of equation handler............................................................Pass!
Checking transient integration handler.........................................................Pass!
Setting up the DirectIntegrationAnalysis.......................................................Done!



> Analysis Start -----------------------------------------------------------------------------
 
 Writing Initial Conditions and   (0) - Outputting mesh.

Transient Analysis: [1    /200  ] 

Transient Analysis: [2    /200  ] 

Transient Analysis: [3    /200  ] 

Transient Analysis: [4    /200  ] 

Transient Analysis: [5    /200  ] 

Transient Analysis: [6    /200  ] 

Transient Analysis: [7    /200  ] 

Transient Analysis: [8    /200  ] 

Transient Analysis: [9    /200  ] 

Transient Analysis: [10   /200  ] 

Transient Analysis: [11   /200  ] 

Transient Analysis: [12   /200  ] 

Transient Analysis: [13   /200  ] 

Transient Analysis: [14   /200  ] 

Transient Analysis: [15   /200  ] 

Transient Analysis: [16   /200  ] 

Transient Analysis: [17   /200  ] 

Transient Analysis: [18   /200  ] 

Transient Analysis: [19   /200  ] 

Transient Analysis: [20   /200  ] 

Transient Analysis: [21   /200  ] 

Transient Analysis: [22   /200  ] 

Transient Analysis: [23   /200  ] 

Transient Analysis: [24   /200  ] 

Transient Analysis: [25   /200  ] 

Transient Analysis: [26   /200  ] 

Transient Analysis: [27   /200  ] 

Transient Analysis: [28   /200  ] 

Transient Analysis: [29   /200  ] 

Transient Analysis: [30   /200  ] 

Transient Analysis: [31   /200  ] 

Transient Analysis: [32   /200  ] 

Transient Analysis: [33   /200  ] 

Transient Analysis: [34   /200  ] 

Transient Analysis: [35   /200  ] 

Transient Analysis: [36   /200  ] 

Transient Analysis: [37   /200  ] 

Transient Analysis: [38   /200  ] 

Transient Analysis: [39   /200  ] 

Transient Analysis: [40   /200  ] 

Transient Analysis: [41   /200  ] 

Transient Analysis: [42   /200  ] 

Transient Analysis: [43   /200  ] 

Transient Analysis: [44   /200  ] 

Transient Analysis: [45   /200  ] 

Transient Analysis: [46   /200  ] 

Transient Analysis: [47   /200  ] 

Transient Analysis: [48   /200  ] 

Transient Analysis: [49   /200  ] 

Transient Analysis: [50   /200  ] 

Transient Analysis: [51   /200  ] 

Transient Analysis: [52   /200  ] 

Transient Analysis: [53   /200  ] 

Transient Analysis: [54   /200  ] 

Transient Analysis: [55   /200  ] 

Transient Analysis: [56   /200  ] 

Transient Analysis: [57   /200  ] 

Transient Analysis: [58   /200  ] 

Transient Analysis: [59   /200  ] 

Transient Analysis: [60   /200  ] 

Transient Analysis: [61   /200  ] 

Transient Analysis: [62   /200  ] 

Transient Analysis: [63   /200  ] 

Transient Analysis: [64   /200  ] 

Transient Analysis: [65   /200  ] 

Transient Analysis: [66   /200  ] 

Transient Analysis: [67   /200  ] 

Transient Analysis: [68   /200  ] 

Transient Analysis: [69   /200  ] 

Transient Analysis: [70   /200  ] 

Transient Analysis: [71   /200  ] 

Transient Analysis: [72   /200  ] 

Transient Analysis: [73   /200  ] 

Transient Analysis: [74   /200  ] 

Transient Analysis: [75   /200  ] 

Transient Analysis: [76   /200  ] 

Transient Analysis: [77   /200  ] 

Transient Analysis: [78   /200  ] 

Transient Analysis: [79   /200  ] 

Transient Analysis: [80   /200  ] 

Transient Analysis: [81   /200  ] 

Transient Analysis: [82   /200  ] 

Transient Analysis: [83   /200  ] 

Transient Analysis: [84   /200  ] 

Transient Analysis: [85   /200  ] 

Transient Analysis: [86   /200  ] 

Transient Analysis: [87   /200  ] 

Transient Analysis: [88   /200  ] 

Transient Analysis: [89   /200  ] 

Transient Analysis: [90   /200  ] 

Transient Analysis: [91   /200  ] 

Transient Analysis: [92   /200  ] 

Transient Analysis: [93   /200  ] 

Transient Analysis: [94   /200  ] 

Transient Analysis: [95   /200  ] 

Transient Analysis: [96   /200  ] 

Transient Analysis: [97   /200  ] 

Transient Analysis: [98   /200  ] 

Transient Analysis: [99   /200  ] 

Transient Analysis: [100  /200  ] 

Transient Analysis: [101  /200  ] 

Transient Analysis: [102  /200  ] 

Transient Analysis: [103  /200  ] 

Transient Analysis: [104  /200  ] 

Transient Analysis: [105  /200  ] 

Transient Analysis: [106  /200  ] 

Transient Analysis: [107  /200  ] 

Transient Analysis: [108  /200  ] 

Transient Analysis: [109  /200  ] 

Transient Analysis: [110  /200  ] 

Transient Analysis: [111  /200  ] 

Transient Analysis: [112  /200  ] 

Transient Analysis: [113  /200  ] 

Transient Analysis: [114  /200  ] 

Transient Analysis: [115  /200  ] 

Transient Analysis: [116  /200  ] 

Transient Analysis: [117  /200  ] 

Transient Analysis: [118  /200  ] 

Transient Analysis: [119  /200  ] 

Transient Analysis: [120  /200  ] 

Transient Analysis: [121  /200  ] 

Transient Analysis: [122  /200  ] 

Transient Analysis: [123  /200  ] 

Transient Analysis: [124  /200  ] 

Transient Analysis: [125  /200  ] 

Transient Analysis: [126  /200  ] 

Transient Analysis: [127  /200  ] 

Transient Analysis: [128  /200  ] 

Transient Analysis: [129  /200  ] 

Transient Analysis: [130  /200  ] 

Transient Analysis: [131  /200  ] 

Transient Analysis: [132  /200  ] 

Transient Analysis: [133  /200  ] 

Transient Analysis: [134  /200  ] 

Transient Analysis: [135  /200  ] 

Transient Analysis: [136  /200  ] 

Transient Analysis: [137  /200  ] 

Transient Analysis: [138  /200  ] 

Transient Analysis: [139  /200  ] 

Transient Analysis: [140  /200  ] 

Transient Analysis: [141  /200  ] 

Transient Analysis: [142  /200  ] 

Transient Analysis: [143  /200  ] 

Transient Analysis: [144  /200  ] 

Transient Analysis: [145  /200  ] 

Transient Analysis: [146  /200  ] 

Transient Analysis: [147  /200  ] 

Transient Analysis: [148  /200  ] 

Transient Analysis: [149  /200  ] 

Transient Analysis: [150  /200  ] 

Transient Analysis: [151  /200  ] 

Transient Analysis: [152  /200  ] 

Transient Analysis: [153  /200  ] 

Transient Analysis: [154  /200  ] 

Transient Analysis: [155  /200  ] 

Transient Analysis: [156  /200  ] 

Transient Analysis: [157  /200  ] 

Transient Analysis: [158  /200  ] 

Transient Analysis: [159  /200  ] 

Transient Analysis: [160  /200  ] 

Transient Analysis: [161  /200  ] 

Transient Analysis: [162  /200  ] 

Transient Analysis: [163  /200  ] 

Transient Analysis: [164  /200  ] 

Transient Analysis: [165  /200  ] 

Transient Analysis: [166  /200  ] 

Transient Analysis: [167  /200  ] 

Transient Analysis: [168  /200  ] 

Transient Analysis: [169  /200  ] 

Transient Analysis: [170  /200  ] 

Transient Analysis: [171  /200  ] 

Transient Analysis: [172  /200  ] 

Transient Analysis: [173  /200  ] 

Transient Analysis: [174  /200  ] 

Transient Analysis: [175  /200  ] 

Transient Analysis: [176  /200  ] 

Transient Analysis: [177  /200  ] 

Transient Analysis: [178  /200  ] 

Transient Analysis: [179  /200  ] 

Transient Analysis: [180  /200  ] 

Transient Analysis: [181  /200  ] 

Transient Analysis: [182  /200  ] 

Transient Analysis: [183  /200  ] 

Transient Analysis: [184  /200  ] 

Transient Analysis: [185  /200  ] 

Transient Analysis: [186  /200  ] 

Transient Analysis: [187  /200  ] 

Transient Analysis: [188  /200  ] 

Transient Analysis: [189  /200  ] 

Transient Analysis: [190  /200  ] 

Transient Analysis: [191  /200  ] 

Transient Analysis: [192  /200  ] 

Transient Analysis: [193  /200  ] 

Transient Analysis: [194  /200  ] 

Transient Analysis: [195  /200  ] 

Transient Analysis: [196  /200  ] 

Transient Analysis: [197  /200  ] 

Transient Analysis: [198  /200  ] 

Transient Analysis: [199  /200  ] 

Transient Analysis: [200  /200  ] 

> Analysis End -------------------------------------------------------------------------------
How polite! Bye, have a nice day!
