                                                               
                                                               
  The Finite Element Interpreter                               
                                                               
  Real ESSI                                                  
  Earthquake Soil Structure Interaction Simulator            
                                                             
  Sequential processing mode.                                
                                                             
Version Name   : Academic Version. Release date: Apr 5 2017 at 10:33:06. Tag: 1135863ed4
Version Branch : yuan
Compile Date   : Apr  5 2017 at 11:35:41
Compile User   : yuan
Compile Sysinfo: cml01 4.4.0-71-generic x86_64 GNU/Linux
Runtime User   : Runtime Sysinfo: Time Now       : Apr 05 2017 at 13:09:58
                                                               
Static startup tips:                                           
 * Remember: Every command ends with a semicolon ';'.          
 * Type 'quit;' or 'exit;' to finish.                          
 * Run 'essi -h' to see available command line options.        
                                                               
Including: "main.fei"


Model name is being set to "imposed"

Including: "add_node.include"

Done including: "add_node.include" (53 lines included).
Continuing with "main.fei" at line 46.

Including: "add_elementLT.include"

Done including: "add_elementLT.include" (13 lines included).
Continuing with "main.fei" at line 48.

Including: "add_constraint.include"

Done including: "add_constraint.include" (112 lines included).
Continuing with "main.fei" at line 50.



Starting new stage: motion

changing previous_stage_name from  to motion
Setting set_constitutive_integration_method = 2

Starting sequential transient multistep analysis
====================================================================================================
Creating analysis model........................................................................Pass!
Checking constraint handler....................................................................Pass!
Checking numberer..............................................................................Pass!
Checking analysis algorithm....................................................................Pass!
Checking system of equation handler............................................................Pass!
Checking transient integration handler.........................................................Pass!
Setting up the DirectIntegrationAnalysis.......................................................Done!



> Analysis Start -----------------------------------------------------------------------------
 
 Writing Initial Conditions and   (0) - Outputting mesh.

Transient Analysis: [    1/20   ] 
	 [iteration 1    /20   ]  CTestNormUnbalance::(tol: 1)
	 	                   Norm deltaF: 1.9868e-14
	 	                   Norm deltaX: 6.6828e-08

Transient Analysis: [2    /20   ] 
	 [iteration 1    /20   ]  CTestNormUnbalance::(tol: 1)
	 	                   Norm deltaF: 5.3446e-14
	 	                   Norm deltaX: 3.0188e-07

Transient Analysis: [3    /20   ] 
	 [iteration 1    /20   ]  CTestNormUnbalance::(tol: 1)
	 	                   Norm deltaF: 1.8384e-13
	 	                   Norm deltaX: 6.1016e-07

Transient Analysis: [4    /20   ] 
	 [iteration 1    /20   ]  CTestNormUnbalance::(tol: 1)
	 	                   Norm deltaF: 1.5362e-13
	 	                   Norm deltaX: 7.1465e-07

Transient Analysis: [5    /20   ] 
	 [iteration 1    /20   ]  CTestNormUnbalance::(tol: 1)
	 	                   Norm deltaF: 1.4291e-13
	 	                   Norm deltaX: 4.8586e-07

Transient Analysis: [6    /20   ] 
	 [iteration 1    /20   ]  CTestNormUnbalance::(tol: 1)
	 	                   Norm deltaF: 6.8776e-14
	 	                   Norm deltaX: 2.6095e-07

Transient Analysis: [7    /20   ] 
	 [iteration 1    /20   ]  CTestNormUnbalance::(tol: 1)
	 	                   Norm deltaF: 7.3223e-14
	 	                   Norm deltaX: 8.7858e-07

Transient Analysis: [8    /20   ] 
	 [iteration 1    /20   ]  CTestNormUnbalance::(tol: 1)
	 	                   Norm deltaF: 3.4349e-13
	 	                   Norm deltaX: 2.0643e-06

Transient Analysis: [9    /20   ] 
	 [iteration 1    /20   ]  CTestNormUnbalance::(tol: 1)
	 	                   Norm deltaF: 4.8405e-13
	 	                   Norm deltaX: 4.0069e-06

Transient Analysis: [10   /20   ] 
	 [iteration 1    /20   ]  CTestNormUnbalance::(tol: 1)
	 	                   Norm deltaF: 9.9304e-13
	 	                   Norm deltaX: 6.5774e-06

Transient Analysis: [11   /20   ] 
	 [iteration 1    /20   ]  CTestNormUnbalance::(tol: 1)
	 	                   Norm deltaF: 8.9192e-13
	 	                   Norm deltaX: 8.9807e-06

Transient Analysis: [12   /20   ] 
	 [iteration 1    /20   ]  CTestNormUnbalance::(tol: 1)
	 	                   Norm deltaF: 2.4812e-12
	 	                   Norm deltaX: 1.0106e-05

Transient Analysis: [13   /20   ] 
	 [iteration 1    /20   ]  CTestNormUnbalance::(tol: 1)
	 	                   Norm deltaF: 1.615e-12
	 	                   Norm deltaX: 9.304e-06

Transient Analysis: [14   /20   ] 
	 [iteration 1    /20   ]  CTestNormUnbalance::(tol: 1)
	 	                   Norm deltaF: 2.3186e-12
	 	                   Norm deltaX: 7.0956e-06

Transient Analysis: [15   /20   ] 
	 [iteration 1    /20   ]  CTestNormUnbalance::(tol: 1)
	 	                   Norm deltaF: 2.3556e-12
	 	                   Norm deltaX: 6.4239e-06

Transient Analysis: [16   /20   ] 
	 [iteration 1    /20   ]  CTestNormUnbalance::(tol: 1)
	 	                   Norm deltaF: 2.3181e-12
	 	                   Norm deltaX: 1.0417e-05

Transient Analysis: [17   /20   ] 
	 [iteration 1    /20   ]  CTestNormUnbalance::(tol: 1)
	 	                   Norm deltaF: 2.7045e-12
	 	                   Norm deltaX: 1.7069e-05

Transient Analysis: [18   /20   ] 
	 [iteration 1    /20   ]  CTestNormUnbalance::(tol: 1)
	 	                   Norm deltaF: 3.0977e-12
	 	                   Norm deltaX: 2.517e-05

Transient Analysis: [19   /20   ] 
	 [iteration 1    /20   ]  CTestNormUnbalance::(tol: 1)
	 	                   Norm deltaF: 5.1146e-12
	 	                   Norm deltaX: 3.4496e-05

Transient Analysis: [20   /20   ] 
	 [iteration 1    /20   ]  CTestNormUnbalance::(tol: 1)
	 	                   Norm deltaF: 9.1132e-12
	 	                   Norm deltaX: 4.4734e-05

> Analysis End -------------------------------------------------------------------------------
How polite! Bye, have a nice day!
