                                                               
                                                               
  The Finite Element Interpreter                               
                                                               
  Real ESSI                                                  
  Earthquake Soil Structure Interaction Simulator            
                                                             
  Sequential processing mode.                                
                                                             
Version Name   : Academic Version. Release date: Apr 5 2017 at 10:33:06. Tag: 1135863ed4
Version Branch : yuan
Compile Date   : Apr  5 2017 at 11:35:41
Compile User   : yuan
Compile Sysinfo: cml01 4.4.0-71-generic x86_64 GNU/Linux
Runtime User   : Runtime Sysinfo: Time Now       : Apr 05 2017 at 13:10:31
                                                               
Static startup tips:                                           
 * Remember: Every command ends with a semicolon ';'.          
 * Type 'quit;' or 'exit;' to finish.                          
 * Run 'essi -h' to see available command line options.        
                                                               
Including: "main.fei"


Model name is being set to "imposed"

Including: "add_node.include"

Done including: "add_node.include" (53 lines included).
Continuing with "main.fei" at line 46.

Including: "add_elementLT.include"

Done including: "add_elementLT.include" (13 lines included).
Continuing with "main.fei" at line 48.

Including: "add_constraint.include"

Done including: "add_constraint.include" (112 lines included).
Continuing with "main.fei" at line 50.



Starting new stage: motion

changing previous_stage_name from  to motion
Setting set_constitutive_integration_method = 2

Starting sequential transient multistep analysis
====================================================================================================
Creating analysis model........................................................................Pass!
Checking constraint handler....................................................................Pass!
Checking numberer..............................................................................Pass!
Checking analysis algorithm....................................................................Pass!
Checking system of equation handler............................................................Pass!
Checking transient integration handler.........................................................Pass!
Setting up the DirectIntegrationAnalysis.......................................................Done!



> Analysis Start -----------------------------------------------------------------------------
 
 Writing Initial Conditions and   (0) - Outputting mesh.

Transient Analysis: [    1/20   ] 
	 [iteration 1    /20   ]  CTestNormUnbalance::(tol: 1)
	 	                   Norm deltaF: 1.9868e-14
	 	                   Norm deltaX: 6.6828e-08

Transient Analysis: [2    /20   ] 
	 [iteration 1    /20   ]  CTestNormUnbalance::(tol: 1)
	 	                   Norm deltaF: 5.3446e-14
	 	                   Norm deltaX: 3.0188e-07

Transient Analysis: [3    /20   ] 
	 [iteration 1    /20   ]  CTestNormUnbalance::(tol: 1)
	 	                   Norm deltaF: 1.8384e-13
	 	                   Norm deltaX: 6.1016e-07

Transient Analysis: [4    /20   ] 
	 [iteration 1    /20   ]  CTestNormUnbalance::(tol: 1)
	 	                   Norm deltaF: 9.1822
	 	                   Norm deltaX: 7.4389e-07
	 [iteration 2    /20   ]  CTestNormUnbalance::(tol: 1)
	 	                   Norm deltaF: 0.072946
	 	                   Norm deltaX: 6.0339e-09

Transient Analysis: [5    /20   ] 
	 [iteration 1    /20   ]  CTestNormUnbalance::(tol: 1)
	 	                   Norm deltaF: 8.1884
	 	                   Norm deltaX: 6.5602e-07
	 [iteration 2    /20   ]  CTestNormUnbalance::(tol: 1)
	 	                   Norm deltaF: 0.065051
	 	                   Norm deltaX: 5.3809e-09

Transient Analysis: [6    /20   ] 
	 [iteration 1    /20   ]  CTestNormUnbalance::(tol: 1)
	 	                   Norm deltaF: 5.8465
	 	                   Norm deltaX: 4.9331e-07
	 [iteration 2    /20   ]  CTestNormUnbalance::(tol: 1)
	 	                   Norm deltaF: 0.046446
	 	                   Norm deltaX: 3.8419e-09

Transient Analysis: [7    /20   ] 
	 [iteration 1    /20   ]  CTestNormUnbalance::(tol: 1)
	 	                   Norm deltaF: 2.2342
	 	                   Norm deltaX: 3.7928e-07
	 [iteration 2    /20   ]  CTestNormUnbalance::(tol: 1)
	 	                   Norm deltaF: 0.017749
	 	                   Norm deltaX: 1.4682e-09

Transient Analysis: [8    /20   ] 
	 [iteration 1    /20   ]  CTestNormUnbalance::(tol: 1)
	 	                   Norm deltaF: 6.1181
	 	                   Norm deltaX: 7.6159e-07
	 [iteration 2    /20   ]  CTestNormUnbalance::(tol: 1)
	 	                   Norm deltaF: 0.048604
	 	                   Norm deltaX: 4.0204e-09

Transient Analysis: [9    /20   ] 
	 [iteration 1    /20   ]  CTestNormUnbalance::(tol: 1)
	 	                   Norm deltaF: 4.3695e-13
	 	                   Norm deltaX: 2.1567e-06

Transient Analysis: [10   /20   ] 
	 [iteration 1    /20   ]  CTestNormUnbalance::(tol: 1)
	 	                   Norm deltaF: 58.704
	 	                   Norm deltaX: 4.3571e-06
	 [iteration 2    /20   ]  CTestNormUnbalance::(tol: 1)
	 	                   Norm deltaF: 1.3346
	 	                   Norm deltaX: 4.1557e-08
	 [iteration 3    /20   ]  CTestNormUnbalance::(tol: 1)
	 	                   Norm deltaF: 0.03446
	 	                   Norm deltaX: 1.0714e-09

Transient Analysis: [11   /20   ] 
	 [iteration 1    /20   ]  CTestNormUnbalance::(tol: 1)
	 	                   Norm deltaF: 215.26
	 	                   Norm deltaX: 6.8953e-06
	 [iteration 2    /20   ]  CTestNormUnbalance::(tol: 1)
	 	                   Norm deltaF: 5.5401
	 	                   Norm deltaX: 1.7195e-07
	 [iteration 3    /20   ]  CTestNormUnbalance::(tol: 1)
	 	                   Norm deltaF: 0.1437
	 	                   Norm deltaX: 4.4826e-09

Transient Analysis: [12   /20   ] 
	 [iteration 1    /20   ]  CTestNormUnbalance::(tol: 1)
	 	                   Norm deltaF: 303.58
	 	                   Norm deltaX: 9.4461e-06
	 [iteration 2    /20   ]  CTestNormUnbalance::(tol: 1)
	 	                   Norm deltaF: 9.9759
	 	                   Norm deltaX: 2.5137e-07
	 [iteration 3    /20   ]  CTestNormUnbalance::(tol: 1)
	 	                   Norm deltaF: 0.36055
	 	                   Norm deltaX: 8.9392e-09

Transient Analysis: [13   /20   ] 
	 [iteration 1    /20   ]  CTestNormUnbalance::(tol: 1)
	 	                   Norm deltaF: 368.17
	 	                   Norm deltaX: 1.167e-05
	 [iteration 2    /20   ]  CTestNormUnbalance::(tol: 1)
	 	                   Norm deltaF: 11.979
	 	                   Norm deltaX: 3.027e-07
	 [iteration 3    /20   ]  CTestNormUnbalance::(tol: 1)
	 	                   Norm deltaF: 0.43231
	 	                   Norm deltaX: 1.0717e-08

Transient Analysis: [14   /20   ] 
	 [iteration 1    /20   ]  CTestNormUnbalance::(tol: 1)
	 	                   Norm deltaF: 421.32
	 	                   Norm deltaX: 1.356e-05
	 [iteration 2    /20   ]  CTestNormUnbalance::(tol: 1)
	 	                   Norm deltaF: 13.587
	 	                   Norm deltaX: 3.4422e-07
	 [iteration 3    /20   ]  CTestNormUnbalance::(tol: 1)
	 	                   Norm deltaF: 0.48965
	 	                   Norm deltaX: 1.2138e-08

Transient Analysis: [15   /20   ] 
	 [iteration 1    /20   ]  CTestNormUnbalance::(tol: 1)
	 	                   Norm deltaF: 472.57
	 	                   Norm deltaX: 1.5385e-05
	 [iteration 2    /20   ]  CTestNormUnbalance::(tol: 1)
	 	                   Norm deltaF: 15.136
	 	                   Norm deltaX: 3.8426e-07
	 [iteration 3    /20   ]  CTestNormUnbalance::(tol: 1)
	 	                   Norm deltaF: 0.5449
	 	                   Norm deltaX: 1.3507e-08

Transient Analysis: [16   /20   ] 
	 [iteration 1    /20   ]  CTestNormUnbalance::(tol: 1)
	 	                   Norm deltaF: 529.83
	 	                   Norm deltaX: 1.7377e-05
	 [iteration 2    /20   ]  CTestNormUnbalance::(tol: 1)
	 	                   Norm deltaF: 16.898
	 	                   Norm deltaX: 4.2956e-07
	 [iteration 3    /20   ]  CTestNormUnbalance::(tol: 1)
	 	                   Norm deltaF: 0.60791
	 	                   Norm deltaX: 1.5069e-08

Transient Analysis: [17   /20   ] 
	 [iteration 1    /20   ]  CTestNormUnbalance::(tol: 1)
	 	                   Norm deltaF: 591.34
	 	                   Norm deltaX: 1.9483e-05
	 [iteration 2    /20   ]  CTestNormUnbalance::(tol: 1)
	 	                   Norm deltaF: 18.815
	 	                   Norm deltaX: 4.7866e-07
	 [iteration 3    /20   ]  CTestNormUnbalance::(tol: 1)
	 	                   Norm deltaF: 0.67663
	 	                   Norm deltaX: 1.6773e-08

Transient Analysis: [18   /20   ] 
	 [iteration 1    /20   ]  CTestNormUnbalance::(tol: 1)
	 	                   Norm deltaF: 646.03
	 	                   Norm deltaX: 2.1375e-05
	 [iteration 2    /20   ]  CTestNormUnbalance::(tol: 1)
	 	                   Norm deltaF: 20.512
	 	                   Norm deltaX: 5.2219e-07
	 [iteration 3    /20   ]  CTestNormUnbalance::(tol: 1)
	 	                   Norm deltaF: 0.73743
	 	                   Norm deltaX: 1.828e-08

Transient Analysis: [19   /20   ] 
	 [iteration 1    /20   ]  CTestNormUnbalance::(tol: 1)
	 	                   Norm deltaF: 681.84
	 	                   Norm deltaX: 2.2695e-05
	 [iteration 2    /20   ]  CTestNormUnbalance::(tol: 1)
	 	                   Norm deltaF: 21.579
	 	                   Norm deltaX: 5.4992e-07
	 [iteration 3    /20   ]  CTestNormUnbalance::(tol: 1)
	 	                   Norm deltaF: 0.77537
	 	                   Norm deltaX: 1.922e-08

Transient Analysis: [20   /20   ] 
	 [iteration 1    /20   ]  CTestNormUnbalance::(tol: 1)
	 	                   Norm deltaF: 695.44
	 	                   Norm deltaX: 2.3348e-05
	 [iteration 2    /20   ]  CTestNormUnbalance::(tol: 1)
	 	                   Norm deltaF: 21.899
	 	                   Norm deltaX: 5.59e-07
	 [iteration 3    /20   ]  CTestNormUnbalance::(tol: 1)
	 	                   Norm deltaF: 0.78626
	 	                   Norm deltaX: 1.949e-08

> Analysis End -------------------------------------------------------------------------------
How polite! Bye, have a nice day!
