                                                               
                                                               
  The Finite Element Interpreter                               
                                                               
  Real ESSI                                                  
  Earthquake Soil Structure Interaction Simulator            
                                                             
  Sequential processing mode.                                
                                                             
Version Name   : Academic Version. Release date: Apr 5 2017 at 10:33:06. Tag: 1135863ed4
Version Branch : yuan
Compile Date   : Apr  5 2017 at 11:35:41
Compile User   : yuan
Compile Sysinfo: cml01 4.4.0-71-generic x86_64 GNU/Linux
Runtime User   : Runtime Sysinfo: Time Now       : Apr 05 2017 at 12:56:51
                                                               
Static startup tips:                                           
 * Remember: Every command ends with a semicolon ';'.          
 * Type 'quit;' or 'exit;' to finish.                          
 * Run 'essi -h' to see available command line options.        
                                                               
Including: "main.fei"


Model name is being set to "beam_5element"



Starting new stage: HHT-damping

changing previous_stage_name from  to HHT-damping

Starting sequential transient multistep analysis
====================================================================================================
Creating analysis model........................................................................Pass!
Checking constraint handler....................................................................Pass!
Checking numberer..............................................................................Pass!
Checking analysis algorithm....................................................................Pass!
Checking system of equation handler............................................................Pass!
Checking transient integration handler.........................................................Pass!
Setting up the DirectIntegrationAnalysis.......................................................Done!



> Analysis Start -----------------------------------------------------------------------------
 
 Writing Initial Conditions and   (0) - Outputting mesh.

Transient Analysis: [    1/600  ] 

Transient Analysis: [2    /600  ] 

Transient Analysis: [3    /600  ] 

Transient Analysis: [4    /600  ] 

Transient Analysis: [5    /600  ] 

Transient Analysis: [6    /600  ] 

Transient Analysis: [7    /600  ] 

Transient Analysis: [8    /600  ] 

Transient Analysis: [9    /600  ] 

Transient Analysis: [10   /600  ] 

Transient Analysis: [11   /600  ] 

Transient Analysis: [12   /600  ] 

Transient Analysis: [13   /600  ] 

Transient Analysis: [14   /600  ] 

Transient Analysis: [15   /600  ] 

Transient Analysis: [16   /600  ] 

Transient Analysis: [17   /600  ] 

Transient Analysis: [18   /600  ] 

Transient Analysis: [19   /600  ] 

Transient Analysis: [20   /600  ] 

Transient Analysis: [21   /600  ] 

Transient Analysis: [22   /600  ] 

Transient Analysis: [23   /600  ] 

Transient Analysis: [24   /600  ] 

Transient Analysis: [25   /600  ] 

Transient Analysis: [26   /600  ] 

Transient Analysis: [27   /600  ] 

Transient Analysis: [28   /600  ] 

Transient Analysis: [29   /600  ] 

Transient Analysis: [30   /600  ] 

Transient Analysis: [31   /600  ] 

Transient Analysis: [32   /600  ] 

Transient Analysis: [33   /600  ] 

Transient Analysis: [34   /600  ] 

Transient Analysis: [35   /600  ] 

Transient Analysis: [36   /600  ] 

Transient Analysis: [37   /600  ] 

Transient Analysis: [38   /600  ] 

Transient Analysis: [39   /600  ] 

Transient Analysis: [40   /600  ] 

Transient Analysis: [41   /600  ] 

Transient Analysis: [42   /600  ] 

Transient Analysis: [43   /600  ] 

Transient Analysis: [44   /600  ] 

Transient Analysis: [45   /600  ] 

Transient Analysis: [46   /600  ] 

Transient Analysis: [47   /600  ] 

Transient Analysis: [48   /600  ] 

Transient Analysis: [49   /600  ] 

Transient Analysis: [50   /600  ] 

Transient Analysis: [51   /600  ] 

Transient Analysis: [52   /600  ] 

Transient Analysis: [53   /600  ] 

Transient Analysis: [54   /600  ] 

Transient Analysis: [55   /600  ] 

Transient Analysis: [56   /600  ] 

Transient Analysis: [57   /600  ] 

Transient Analysis: [58   /600  ] 

Transient Analysis: [59   /600  ] 

Transient Analysis: [60   /600  ] 

Transient Analysis: [61   /600  ] 

Transient Analysis: [62   /600  ] 

Transient Analysis: [63   /600  ] 

Transient Analysis: [64   /600  ] 

Transient Analysis: [65   /600  ] 

Transient Analysis: [66   /600  ] 

Transient Analysis: [67   /600  ] 

Transient Analysis: [68   /600  ] 

Transient Analysis: [69   /600  ] 

Transient Analysis: [70   /600  ] 

Transient Analysis: [71   /600  ] 

Transient Analysis: [72   /600  ] 

Transient Analysis: [73   /600  ] 

Transient Analysis: [74   /600  ] 

Transient Analysis: [75   /600  ] 

Transient Analysis: [76   /600  ] 

Transient Analysis: [77   /600  ] 

Transient Analysis: [78   /600  ] 

Transient Analysis: [79   /600  ] 

Transient Analysis: [80   /600  ] 

Transient Analysis: [81   /600  ] 

Transient Analysis: [82   /600  ] 

Transient Analysis: [83   /600  ] 

Transient Analysis: [84   /600  ] 

Transient Analysis: [85   /600  ] 

Transient Analysis: [86   /600  ] 

Transient Analysis: [87   /600  ] 

Transient Analysis: [88   /600  ] 

Transient Analysis: [89   /600  ] 

Transient Analysis: [90   /600  ] 

Transient Analysis: [91   /600  ] 

Transient Analysis: [92   /600  ] 

Transient Analysis: [93   /600  ] 

Transient Analysis: [94   /600  ] 

Transient Analysis: [95   /600  ] 

Transient Analysis: [96   /600  ] 

Transient Analysis: [97   /600  ] 

Transient Analysis: [98   /600  ] 

Transient Analysis: [99   /600  ] 

Transient Analysis: [100  /600  ] 

Transient Analysis: [101  /600  ] 

Transient Analysis: [102  /600  ] 

Transient Analysis: [103  /600  ] 

Transient Analysis: [104  /600  ] 

Transient Analysis: [105  /600  ] 

Transient Analysis: [106  /600  ] 

Transient Analysis: [107  /600  ] 

Transient Analysis: [108  /600  ] 

Transient Analysis: [109  /600  ] 

Transient Analysis: [110  /600  ] 

Transient Analysis: [111  /600  ] 

Transient Analysis: [112  /600  ] 

Transient Analysis: [113  /600  ] 

Transient Analysis: [114  /600  ] 

Transient Analysis: [115  /600  ] 

Transient Analysis: [116  /600  ] 

Transient Analysis: [117  /600  ] 

Transient Analysis: [118  /600  ] 

Transient Analysis: [119  /600  ] 

Transient Analysis: [120  /600  ] 

Transient Analysis: [121  /600  ] 

Transient Analysis: [122  /600  ] 

Transient Analysis: [123  /600  ] 

Transient Analysis: [124  /600  ] 

Transient Analysis: [125  /600  ] 

Transient Analysis: [126  /600  ] 

Transient Analysis: [127  /600  ] 

Transient Analysis: [128  /600  ] 

Transient Analysis: [129  /600  ] 

Transient Analysis: [130  /600  ] 

Transient Analysis: [131  /600  ] 

Transient Analysis: [132  /600  ] 

Transient Analysis: [133  /600  ] 

Transient Analysis: [134  /600  ] 

Transient Analysis: [135  /600  ] 

Transient Analysis: [136  /600  ] 

Transient Analysis: [137  /600  ] 

Transient Analysis: [138  /600  ] 

Transient Analysis: [139  /600  ] 

Transient Analysis: [140  /600  ] 

Transient Analysis: [141  /600  ] 

Transient Analysis: [142  /600  ] 

Transient Analysis: [143  /600  ] 

Transient Analysis: [144  /600  ] 

Transient Analysis: [145  /600  ] 

Transient Analysis: [146  /600  ] 

Transient Analysis: [147  /600  ] 

Transient Analysis: [148  /600  ] 

Transient Analysis: [149  /600  ] 

Transient Analysis: [150  /600  ] 

Transient Analysis: [151  /600  ] 

Transient Analysis: [152  /600  ] 

Transient Analysis: [153  /600  ] 

Transient Analysis: [154  /600  ] 

Transient Analysis: [155  /600  ] 

Transient Analysis: [156  /600  ] 

Transient Analysis: [157  /600  ] 

Transient Analysis: [158  /600  ] 

Transient Analysis: [159  /600  ] 

Transient Analysis: [160  /600  ] 

Transient Analysis: [161  /600  ] 

Transient Analysis: [162  /600  ] 

Transient Analysis: [163  /600  ] 

Transient Analysis: [164  /600  ] 

Transient Analysis: [165  /600  ] 

Transient Analysis: [166  /600  ] 

Transient Analysis: [167  /600  ] 

Transient Analysis: [168  /600  ] 

Transient Analysis: [169  /600  ] 

Transient Analysis: [170  /600  ] 

Transient Analysis: [171  /600  ] 

Transient Analysis: [172  /600  ] 

Transient Analysis: [173  /600  ] 

Transient Analysis: [174  /600  ] 

Transient Analysis: [175  /600  ] 

Transient Analysis: [176  /600  ] 

Transient Analysis: [177  /600  ] 

Transient Analysis: [178  /600  ] 

Transient Analysis: [179  /600  ] 

Transient Analysis: [180  /600  ] 

Transient Analysis: [181  /600  ] 

Transient Analysis: [182  /600  ] 

Transient Analysis: [183  /600  ] 

Transient Analysis: [184  /600  ] 

Transient Analysis: [185  /600  ] 

Transient Analysis: [186  /600  ] 

Transient Analysis: [187  /600  ] 

Transient Analysis: [188  /600  ] 

Transient Analysis: [189  /600  ] 

Transient Analysis: [190  /600  ] 

Transient Analysis: [191  /600  ] 

Transient Analysis: [192  /600  ] 

Transient Analysis: [193  /600  ] 

Transient Analysis: [194  /600  ] 

Transient Analysis: [195  /600  ] 

Transient Analysis: [196  /600  ] 

Transient Analysis: [197  /600  ] 

Transient Analysis: [198  /600  ] 

Transient Analysis: [199  /600  ] 

Transient Analysis: [200  /600  ] 

Transient Analysis: [201  /600  ] 

Transient Analysis: [202  /600  ] 

Transient Analysis: [203  /600  ] 

Transient Analysis: [204  /600  ] 

Transient Analysis: [205  /600  ] 

Transient Analysis: [206  /600  ] 

Transient Analysis: [207  /600  ] 

Transient Analysis: [208  /600  ] 

Transient Analysis: [209  /600  ] 

Transient Analysis: [210  /600  ] 

Transient Analysis: [211  /600  ] 

Transient Analysis: [212  /600  ] 

Transient Analysis: [213  /600  ] 

Transient Analysis: [214  /600  ] 

Transient Analysis: [215  /600  ] 

Transient Analysis: [216  /600  ] 

Transient Analysis: [217  /600  ] 

Transient Analysis: [218  /600  ] 

Transient Analysis: [219  /600  ] 

Transient Analysis: [220  /600  ] 

Transient Analysis: [221  /600  ] 

Transient Analysis: [222  /600  ] 

Transient Analysis: [223  /600  ] 

Transient Analysis: [224  /600  ] 

Transient Analysis: [225  /600  ] 

Transient Analysis: [226  /600  ] 

Transient Analysis: [227  /600  ] 

Transient Analysis: [228  /600  ] 

Transient Analysis: [229  /600  ] 

Transient Analysis: [230  /600  ] 

Transient Analysis: [231  /600  ] 

Transient Analysis: [232  /600  ] 

Transient Analysis: [233  /600  ] 

Transient Analysis: [234  /600  ] 

Transient Analysis: [235  /600  ] 

Transient Analysis: [236  /600  ] 

Transient Analysis: [237  /600  ] 

Transient Analysis: [238  /600  ] 

Transient Analysis: [239  /600  ] 

Transient Analysis: [240  /600  ] 

Transient Analysis: [241  /600  ] 

Transient Analysis: [242  /600  ] 

Transient Analysis: [243  /600  ] 

Transient Analysis: [244  /600  ] 

Transient Analysis: [245  /600  ] 

Transient Analysis: [246  /600  ] 

Transient Analysis: [247  /600  ] 

Transient Analysis: [248  /600  ] 

Transient Analysis: [249  /600  ] 

Transient Analysis: [250  /600  ] 

Transient Analysis: [251  /600  ] 

Transient Analysis: [252  /600  ] 

Transient Analysis: [253  /600  ] 

Transient Analysis: [254  /600  ] 

Transient Analysis: [255  /600  ] 

Transient Analysis: [256  /600  ] 

Transient Analysis: [257  /600  ] 

Transient Analysis: [258  /600  ] 

Transient Analysis: [259  /600  ] 

Transient Analysis: [260  /600  ] 

Transient Analysis: [261  /600  ] 

Transient Analysis: [262  /600  ] 

Transient Analysis: [263  /600  ] 

Transient Analysis: [264  /600  ] 

Transient Analysis: [265  /600  ] 

Transient Analysis: [266  /600  ] 

Transient Analysis: [267  /600  ] 

Transient Analysis: [268  /600  ] 

Transient Analysis: [269  /600  ] 

Transient Analysis: [270  /600  ] 

Transient Analysis: [271  /600  ] 

Transient Analysis: [272  /600  ] 

Transient Analysis: [273  /600  ] 

Transient Analysis: [274  /600  ] 

Transient Analysis: [275  /600  ] 

Transient Analysis: [276  /600  ] 

Transient Analysis: [277  /600  ] 

Transient Analysis: [278  /600  ] 

Transient Analysis: [279  /600  ] 

Transient Analysis: [280  /600  ] 

Transient Analysis: [281  /600  ] 

Transient Analysis: [282  /600  ] 

Transient Analysis: [283  /600  ] 

Transient Analysis: [284  /600  ] 

Transient Analysis: [285  /600  ] 

Transient Analysis: [286  /600  ] 

Transient Analysis: [287  /600  ] 

Transient Analysis: [288  /600  ] 

Transient Analysis: [289  /600  ] 

Transient Analysis: [290  /600  ] 

Transient Analysis: [291  /600  ] 

Transient Analysis: [292  /600  ] 

Transient Analysis: [293  /600  ] 

Transient Analysis: [294  /600  ] 

Transient Analysis: [295  /600  ] 

Transient Analysis: [296  /600  ] 

Transient Analysis: [297  /600  ] 

Transient Analysis: [298  /600  ] 

Transient Analysis: [299  /600  ] 

Transient Analysis: [300  /600  ] 

Transient Analysis: [301  /600  ] 

Transient Analysis: [302  /600  ] 

Transient Analysis: [303  /600  ] 

Transient Analysis: [304  /600  ] 

Transient Analysis: [305  /600  ] 

Transient Analysis: [306  /600  ] 

Transient Analysis: [307  /600  ] 

Transient Analysis: [308  /600  ] 

Transient Analysis: [309  /600  ] 

Transient Analysis: [310  /600  ] 

Transient Analysis: [311  /600  ] 

Transient Analysis: [312  /600  ] 

Transient Analysis: [313  /600  ] 

Transient Analysis: [314  /600  ] 

Transient Analysis: [315  /600  ] 

Transient Analysis: [316  /600  ] 

Transient Analysis: [317  /600  ] 

Transient Analysis: [318  /600  ] 

Transient Analysis: [319  /600  ] 

Transient Analysis: [320  /600  ] 

Transient Analysis: [321  /600  ] 

Transient Analysis: [322  /600  ] 

Transient Analysis: [323  /600  ] 

Transient Analysis: [324  /600  ] 

Transient Analysis: [325  /600  ] 

Transient Analysis: [326  /600  ] 

Transient Analysis: [327  /600  ] 

Transient Analysis: [328  /600  ] 

Transient Analysis: [329  /600  ] 

Transient Analysis: [330  /600  ] 

Transient Analysis: [331  /600  ] 

Transient Analysis: [332  /600  ] 

Transient Analysis: [333  /600  ] 

Transient Analysis: [334  /600  ] 

Transient Analysis: [335  /600  ] 

Transient Analysis: [336  /600  ] 

Transient Analysis: [337  /600  ] 

Transient Analysis: [338  /600  ] 

Transient Analysis: [339  /600  ] 

Transient Analysis: [340  /600  ] 

Transient Analysis: [341  /600  ] 

Transient Analysis: [342  /600  ] 

Transient Analysis: [343  /600  ] 

Transient Analysis: [344  /600  ] 

Transient Analysis: [345  /600  ] 

Transient Analysis: [346  /600  ] 

Transient Analysis: [347  /600  ] 

Transient Analysis: [348  /600  ] 

Transient Analysis: [349  /600  ] 

Transient Analysis: [350  /600  ] 

Transient Analysis: [351  /600  ] 

Transient Analysis: [352  /600  ] 

Transient Analysis: [353  /600  ] 

Transient Analysis: [354  /600  ] 

Transient Analysis: [355  /600  ] 

Transient Analysis: [356  /600  ] 

Transient Analysis: [357  /600  ] 

Transient Analysis: [358  /600  ] 

Transient Analysis: [359  /600  ] 

Transient Analysis: [360  /600  ] 

Transient Analysis: [361  /600  ] 

Transient Analysis: [362  /600  ] 

Transient Analysis: [363  /600  ] 

Transient Analysis: [364  /600  ] 

Transient Analysis: [365  /600  ] 

Transient Analysis: [366  /600  ] 

Transient Analysis: [367  /600  ] 

Transient Analysis: [368  /600  ] 

Transient Analysis: [369  /600  ] 

Transient Analysis: [370  /600  ] 

Transient Analysis: [371  /600  ] 

Transient Analysis: [372  /600  ] 

Transient Analysis: [373  /600  ] 

Transient Analysis: [374  /600  ] 

Transient Analysis: [375  /600  ] 

Transient Analysis: [376  /600  ] 

Transient Analysis: [377  /600  ] 

Transient Analysis: [378  /600  ] 

Transient Analysis: [379  /600  ] 

Transient Analysis: [380  /600  ] 

Transient Analysis: [381  /600  ] 

Transient Analysis: [382  /600  ] 

Transient Analysis: [383  /600  ] 

Transient Analysis: [384  /600  ] 

Transient Analysis: [385  /600  ] 

Transient Analysis: [386  /600  ] 

Transient Analysis: [387  /600  ] 

Transient Analysis: [388  /600  ] 

Transient Analysis: [389  /600  ] 

Transient Analysis: [390  /600  ] 

Transient Analysis: [391  /600  ] 

Transient Analysis: [392  /600  ] 

Transient Analysis: [393  /600  ] 

Transient Analysis: [394  /600  ] 

Transient Analysis: [395  /600  ] 

Transient Analysis: [396  /600  ] 

Transient Analysis: [397  /600  ] 

Transient Analysis: [398  /600  ] 

Transient Analysis: [399  /600  ] 

Transient Analysis: [400  /600  ] 

Transient Analysis: [401  /600  ] 

Transient Analysis: [402  /600  ] 

Transient Analysis: [403  /600  ] 

Transient Analysis: [404  /600  ] 

Transient Analysis: [405  /600  ] 

Transient Analysis: [406  /600  ] 

Transient Analysis: [407  /600  ] 

Transient Analysis: [408  /600  ] 

Transient Analysis: [409  /600  ] 

Transient Analysis: [410  /600  ] 

Transient Analysis: [411  /600  ] 

Transient Analysis: [412  /600  ] 

Transient Analysis: [413  /600  ] 

Transient Analysis: [414  /600  ] 

Transient Analysis: [415  /600  ] 

Transient Analysis: [416  /600  ] 

Transient Analysis: [417  /600  ] 

Transient Analysis: [418  /600  ] 

Transient Analysis: [419  /600  ] 

Transient Analysis: [420  /600  ] 

Transient Analysis: [421  /600  ] 

Transient Analysis: [422  /600  ] 

Transient Analysis: [423  /600  ] 

Transient Analysis: [424  /600  ] 

Transient Analysis: [425  /600  ] 

Transient Analysis: [426  /600  ] 

Transient Analysis: [427  /600  ] 

Transient Analysis: [428  /600  ] 

Transient Analysis: [429  /600  ] 

Transient Analysis: [430  /600  ] 

Transient Analysis: [431  /600  ] 

Transient Analysis: [432  /600  ] 

Transient Analysis: [433  /600  ] 

Transient Analysis: [434  /600  ] 

Transient Analysis: [435  /600  ] 

Transient Analysis: [436  /600  ] 

Transient Analysis: [437  /600  ] 

Transient Analysis: [438  /600  ] 

Transient Analysis: [439  /600  ] 

Transient Analysis: [440  /600  ] 

Transient Analysis: [441  /600  ] 

Transient Analysis: [442  /600  ] 

Transient Analysis: [443  /600  ] 

Transient Analysis: [444  /600  ] 

Transient Analysis: [445  /600  ] 

Transient Analysis: [446  /600  ] 

Transient Analysis: [447  /600  ] 

Transient Analysis: [448  /600  ] 

Transient Analysis: [449  /600  ] 

Transient Analysis: [450  /600  ] 

Transient Analysis: [451  /600  ] 

Transient Analysis: [452  /600  ] 

Transient Analysis: [453  /600  ] 

Transient Analysis: [454  /600  ] 

Transient Analysis: [455  /600  ] 

Transient Analysis: [456  /600  ] 

Transient Analysis: [457  /600  ] 

Transient Analysis: [458  /600  ] 

Transient Analysis: [459  /600  ] 

Transient Analysis: [460  /600  ] 

Transient Analysis: [461  /600  ] 

Transient Analysis: [462  /600  ] 

Transient Analysis: [463  /600  ] 

Transient Analysis: [464  /600  ] 

Transient Analysis: [465  /600  ] 

Transient Analysis: [466  /600  ] 

Transient Analysis: [467  /600  ] 

Transient Analysis: [468  /600  ] 

Transient Analysis: [469  /600  ] 

Transient Analysis: [470  /600  ] 

Transient Analysis: [471  /600  ] 

Transient Analysis: [472  /600  ] 

Transient Analysis: [473  /600  ] 

Transient Analysis: [474  /600  ] 

Transient Analysis: [475  /600  ] 

Transient Analysis: [476  /600  ] 

Transient Analysis: [477  /600  ] 

Transient Analysis: [478  /600  ] 

Transient Analysis: [479  /600  ] 

Transient Analysis: [480  /600  ] 

Transient Analysis: [481  /600  ] 

Transient Analysis: [482  /600  ] 

Transient Analysis: [483  /600  ] 

Transient Analysis: [484  /600  ] 

Transient Analysis: [485  /600  ] 

Transient Analysis: [486  /600  ] 

Transient Analysis: [487  /600  ] 

Transient Analysis: [488  /600  ] 

Transient Analysis: [489  /600  ] 

Transient Analysis: [490  /600  ] 

Transient Analysis: [491  /600  ] 

Transient Analysis: [492  /600  ] 

Transient Analysis: [493  /600  ] 

Transient Analysis: [494  /600  ] 

Transient Analysis: [495  /600  ] 

Transient Analysis: [496  /600  ] 

Transient Analysis: [497  /600  ] 

Transient Analysis: [498  /600  ] 

Transient Analysis: [499  /600  ] 

Transient Analysis: [500  /600  ] 

Transient Analysis: [501  /600  ] 

Transient Analysis: [502  /600  ] 

Transient Analysis: [503  /600  ] 

Transient Analysis: [504  /600  ] 

Transient Analysis: [505  /600  ] 

Transient Analysis: [506  /600  ] 

Transient Analysis: [507  /600  ] 

Transient Analysis: [508  /600  ] 

Transient Analysis: [509  /600  ] 

Transient Analysis: [510  /600  ] 

Transient Analysis: [511  /600  ] 

Transient Analysis: [512  /600  ] 

Transient Analysis: [513  /600  ] 

Transient Analysis: [514  /600  ] 

Transient Analysis: [515  /600  ] 

Transient Analysis: [516  /600  ] 

Transient Analysis: [517  /600  ] 

Transient Analysis: [518  /600  ] 

Transient Analysis: [519  /600  ] 

Transient Analysis: [520  /600  ] 

Transient Analysis: [521  /600  ] 

Transient Analysis: [522  /600  ] 

Transient Analysis: [523  /600  ] 

Transient Analysis: [524  /600  ] 

Transient Analysis: [525  /600  ] 

Transient Analysis: [526  /600  ] 

Transient Analysis: [527  /600  ] 

Transient Analysis: [528  /600  ] 

Transient Analysis: [529  /600  ] 

Transient Analysis: [530  /600  ] 

Transient Analysis: [531  /600  ] 

Transient Analysis: [532  /600  ] 

Transient Analysis: [533  /600  ] 

Transient Analysis: [534  /600  ] 

Transient Analysis: [535  /600  ] 

Transient Analysis: [536  /600  ] 

Transient Analysis: [537  /600  ] 

Transient Analysis: [538  /600  ] 

Transient Analysis: [539  /600  ] 

Transient Analysis: [540  /600  ] 

Transient Analysis: [541  /600  ] 

Transient Analysis: [542  /600  ] 

Transient Analysis: [543  /600  ] 

Transient Analysis: [544  /600  ] 

Transient Analysis: [545  /600  ] 

Transient Analysis: [546  /600  ] 

Transient Analysis: [547  /600  ] 

Transient Analysis: [548  /600  ] 

Transient Analysis: [549  /600  ] 

Transient Analysis: [550  /600  ] 

Transient Analysis: [551  /600  ] 

Transient Analysis: [552  /600  ] 

Transient Analysis: [553  /600  ] 

Transient Analysis: [554  /600  ] 

Transient Analysis: [555  /600  ] 

Transient Analysis: [556  /600  ] 

Transient Analysis: [557  /600  ] 

Transient Analysis: [558  /600  ] 

Transient Analysis: [559  /600  ] 

Transient Analysis: [560  /600  ] 

Transient Analysis: [561  /600  ] 

Transient Analysis: [562  /600  ] 

Transient Analysis: [563  /600  ] 

Transient Analysis: [564  /600  ] 

Transient Analysis: [565  /600  ] 

Transient Analysis: [566  /600  ] 

Transient Analysis: [567  /600  ] 

Transient Analysis: [568  /600  ] 

Transient Analysis: [569  /600  ] 

Transient Analysis: [570  /600  ] 

Transient Analysis: [571  /600  ] 

Transient Analysis: [572  /600  ] 

Transient Analysis: [573  /600  ] 

Transient Analysis: [574  /600  ] 

Transient Analysis: [575  /600  ] 

Transient Analysis: [576  /600  ] 

Transient Analysis: [577  /600  ] 

Transient Analysis: [578  /600  ] 

Transient Analysis: [579  /600  ] 

Transient Analysis: [580  /600  ] 

Transient Analysis: [581  /600  ] 

Transient Analysis: [582  /600  ] 

Transient Analysis: [583  /600  ] 

Transient Analysis: [584  /600  ] 

Transient Analysis: [585  /600  ] 

Transient Analysis: [586  /600  ] 

Transient Analysis: [587  /600  ] 

Transient Analysis: [588  /600  ] 

Transient Analysis: [589  /600  ] 

Transient Analysis: [590  /600  ] 

Transient Analysis: [591  /600  ] 

Transient Analysis: [592  /600  ] 

Transient Analysis: [593  /600  ] 

Transient Analysis: [594  /600  ] 

Transient Analysis: [595  /600  ] 

Transient Analysis: [596  /600  ] 

Transient Analysis: [597  /600  ] 

Transient Analysis: [598  /600  ] 

Transient Analysis: [599  /600  ] 

Transient Analysis: [600  /600  ] 

> Analysis End -------------------------------------------------------------------------------
How polite! Bye, have a nice day!
