                                                               
                                                               
  The Finite Element Interpreter                               
                                                               
  Real ESSI                                                  
  Earthquake Soil Structure Interaction Simulator            
                                                             
  Sequential processing mode.                                
                                                             
Version Name   : Academic Version. Release date: Apr 5 2017 at 10:33:06. Tag: 1135863ed4
Version Branch : yuan
Compile Date   : Apr  5 2017 at 11:35:41
Compile User   : yuan
Compile Sysinfo: cml01 4.4.0-71-generic x86_64 GNU/Linux
Runtime User   : Runtime Sysinfo: Time Now       : Apr 05 2017 at 12:58:36
                                                               
Static startup tips:                                           
 * Remember: Every command ends with a semicolon ';'.          
 * Type 'quit;' or 'exit;' to finish.                          
 * Run 'essi -h' to see available command line options.        
                                                               
Including: "main.fei"


Model name is being set to "beam_5element"



Starting new stage: HHT-damping

changing previous_stage_name from  to HHT-damping

Starting sequential transient multistep analysis
====================================================================================================
Creating analysis model........................................................................Pass!
Checking constraint handler....................................................................Pass!
Checking numberer..............................................................................Pass!
Checking analysis algorithm....................................................................Pass!
Checking system of equation handler............................................................Pass!
Checking transient integration handler.........................................................Pass!
Setting up the DirectIntegrationAnalysis.......................................................Done!



> Analysis Start -----------------------------------------------------------------------------
 
 Writing Initial Conditions and   (0) - Outputting mesh.

Transient Analysis: [    1/300  ] 

Transient Analysis: [2    /300  ] 

Transient Analysis: [3    /300  ] 

Transient Analysis: [4    /300  ] 

Transient Analysis: [5    /300  ] 

Transient Analysis: [6    /300  ] 

Transient Analysis: [7    /300  ] 

Transient Analysis: [8    /300  ] 

Transient Analysis: [9    /300  ] 

Transient Analysis: [10   /300  ] 

Transient Analysis: [11   /300  ] 

Transient Analysis: [12   /300  ] 

Transient Analysis: [13   /300  ] 

Transient Analysis: [14   /300  ] 

Transient Analysis: [15   /300  ] 

Transient Analysis: [16   /300  ] 

Transient Analysis: [17   /300  ] 

Transient Analysis: [18   /300  ] 

Transient Analysis: [19   /300  ] 

Transient Analysis: [20   /300  ] 

Transient Analysis: [21   /300  ] 

Transient Analysis: [22   /300  ] 

Transient Analysis: [23   /300  ] 

Transient Analysis: [24   /300  ] 

Transient Analysis: [25   /300  ] 

Transient Analysis: [26   /300  ] 

Transient Analysis: [27   /300  ] 

Transient Analysis: [28   /300  ] 

Transient Analysis: [29   /300  ] 

Transient Analysis: [30   /300  ] 

Transient Analysis: [31   /300  ] 

Transient Analysis: [32   /300  ] 

Transient Analysis: [33   /300  ] 

Transient Analysis: [34   /300  ] 

Transient Analysis: [35   /300  ] 

Transient Analysis: [36   /300  ] 

Transient Analysis: [37   /300  ] 

Transient Analysis: [38   /300  ] 

Transient Analysis: [39   /300  ] 

Transient Analysis: [40   /300  ] 

Transient Analysis: [41   /300  ] 

Transient Analysis: [42   /300  ] 

Transient Analysis: [43   /300  ] 

Transient Analysis: [44   /300  ] 

Transient Analysis: [45   /300  ] 

Transient Analysis: [46   /300  ] 

Transient Analysis: [47   /300  ] 

Transient Analysis: [48   /300  ] 

Transient Analysis: [49   /300  ] 

Transient Analysis: [50   /300  ] 

Transient Analysis: [51   /300  ] 

Transient Analysis: [52   /300  ] 

Transient Analysis: [53   /300  ] 

Transient Analysis: [54   /300  ] 

Transient Analysis: [55   /300  ] 

Transient Analysis: [56   /300  ] 

Transient Analysis: [57   /300  ] 

Transient Analysis: [58   /300  ] 

Transient Analysis: [59   /300  ] 

Transient Analysis: [60   /300  ] 

Transient Analysis: [61   /300  ] 

Transient Analysis: [62   /300  ] 

Transient Analysis: [63   /300  ] 

Transient Analysis: [64   /300  ] 

Transient Analysis: [65   /300  ] 

Transient Analysis: [66   /300  ] 

Transient Analysis: [67   /300  ] 

Transient Analysis: [68   /300  ] 

Transient Analysis: [69   /300  ] 

Transient Analysis: [70   /300  ] 

Transient Analysis: [71   /300  ] 

Transient Analysis: [72   /300  ] 

Transient Analysis: [73   /300  ] 

Transient Analysis: [74   /300  ] 

Transient Analysis: [75   /300  ] 

Transient Analysis: [76   /300  ] 

Transient Analysis: [77   /300  ] 

Transient Analysis: [78   /300  ] 

Transient Analysis: [79   /300  ] 

Transient Analysis: [80   /300  ] 

Transient Analysis: [81   /300  ] 

Transient Analysis: [82   /300  ] 

Transient Analysis: [83   /300  ] 

Transient Analysis: [84   /300  ] 

Transient Analysis: [85   /300  ] 

Transient Analysis: [86   /300  ] 

Transient Analysis: [87   /300  ] 

Transient Analysis: [88   /300  ] 

Transient Analysis: [89   /300  ] 

Transient Analysis: [90   /300  ] 

Transient Analysis: [91   /300  ] 

Transient Analysis: [92   /300  ] 

Transient Analysis: [93   /300  ] 

Transient Analysis: [94   /300  ] 

Transient Analysis: [95   /300  ] 

Transient Analysis: [96   /300  ] 

Transient Analysis: [97   /300  ] 

Transient Analysis: [98   /300  ] 

Transient Analysis: [99   /300  ] 

Transient Analysis: [100  /300  ] 

Transient Analysis: [101  /300  ] 

Transient Analysis: [102  /300  ] 

Transient Analysis: [103  /300  ] 

Transient Analysis: [104  /300  ] 

Transient Analysis: [105  /300  ] 

Transient Analysis: [106  /300  ] 

Transient Analysis: [107  /300  ] 

Transient Analysis: [108  /300  ] 

Transient Analysis: [109  /300  ] 

Transient Analysis: [110  /300  ] 

Transient Analysis: [111  /300  ] 

Transient Analysis: [112  /300  ] 

Transient Analysis: [113  /300  ] 

Transient Analysis: [114  /300  ] 

Transient Analysis: [115  /300  ] 

Transient Analysis: [116  /300  ] 

Transient Analysis: [117  /300  ] 

Transient Analysis: [118  /300  ] 

Transient Analysis: [119  /300  ] 

Transient Analysis: [120  /300  ] 

Transient Analysis: [121  /300  ] 

Transient Analysis: [122  /300  ] 

Transient Analysis: [123  /300  ] 

Transient Analysis: [124  /300  ] 

Transient Analysis: [125  /300  ] 

Transient Analysis: [126  /300  ] 

Transient Analysis: [127  /300  ] 

Transient Analysis: [128  /300  ] 

Transient Analysis: [129  /300  ] 

Transient Analysis: [130  /300  ] 

Transient Analysis: [131  /300  ] 

Transient Analysis: [132  /300  ] 

Transient Analysis: [133  /300  ] 

Transient Analysis: [134  /300  ] 

Transient Analysis: [135  /300  ] 

Transient Analysis: [136  /300  ] 

Transient Analysis: [137  /300  ] 

Transient Analysis: [138  /300  ] 

Transient Analysis: [139  /300  ] 

Transient Analysis: [140  /300  ] 

Transient Analysis: [141  /300  ] 

Transient Analysis: [142  /300  ] 

Transient Analysis: [143  /300  ] 

Transient Analysis: [144  /300  ] 

Transient Analysis: [145  /300  ] 

Transient Analysis: [146  /300  ] 

Transient Analysis: [147  /300  ] 

Transient Analysis: [148  /300  ] 

Transient Analysis: [149  /300  ] 

Transient Analysis: [150  /300  ] 

Transient Analysis: [151  /300  ] 

Transient Analysis: [152  /300  ] 

Transient Analysis: [153  /300  ] 

Transient Analysis: [154  /300  ] 

Transient Analysis: [155  /300  ] 

Transient Analysis: [156  /300  ] 

Transient Analysis: [157  /300  ] 

Transient Analysis: [158  /300  ] 

Transient Analysis: [159  /300  ] 

Transient Analysis: [160  /300  ] 

Transient Analysis: [161  /300  ] 

Transient Analysis: [162  /300  ] 

Transient Analysis: [163  /300  ] 

Transient Analysis: [164  /300  ] 

Transient Analysis: [165  /300  ] 

Transient Analysis: [166  /300  ] 

Transient Analysis: [167  /300  ] 

Transient Analysis: [168  /300  ] 

Transient Analysis: [169  /300  ] 

Transient Analysis: [170  /300  ] 

Transient Analysis: [171  /300  ] 

Transient Analysis: [172  /300  ] 

Transient Analysis: [173  /300  ] 

Transient Analysis: [174  /300  ] 

Transient Analysis: [175  /300  ] 

Transient Analysis: [176  /300  ] 

Transient Analysis: [177  /300  ] 

Transient Analysis: [178  /300  ] 

Transient Analysis: [179  /300  ] 

Transient Analysis: [180  /300  ] 

Transient Analysis: [181  /300  ] 

Transient Analysis: [182  /300  ] 

Transient Analysis: [183  /300  ] 

Transient Analysis: [184  /300  ] 

Transient Analysis: [185  /300  ] 

Transient Analysis: [186  /300  ] 

Transient Analysis: [187  /300  ] 

Transient Analysis: [188  /300  ] 

Transient Analysis: [189  /300  ] 

Transient Analysis: [190  /300  ] 

Transient Analysis: [191  /300  ] 

Transient Analysis: [192  /300  ] 

Transient Analysis: [193  /300  ] 

Transient Analysis: [194  /300  ] 

Transient Analysis: [195  /300  ] 

Transient Analysis: [196  /300  ] 

Transient Analysis: [197  /300  ] 

Transient Analysis: [198  /300  ] 

Transient Analysis: [199  /300  ] 

Transient Analysis: [200  /300  ] 

Transient Analysis: [201  /300  ] 

Transient Analysis: [202  /300  ] 

Transient Analysis: [203  /300  ] 

Transient Analysis: [204  /300  ] 

Transient Analysis: [205  /300  ] 

Transient Analysis: [206  /300  ] 

Transient Analysis: [207  /300  ] 

Transient Analysis: [208  /300  ] 

Transient Analysis: [209  /300  ] 

Transient Analysis: [210  /300  ] 

Transient Analysis: [211  /300  ] 

Transient Analysis: [212  /300  ] 

Transient Analysis: [213  /300  ] 

Transient Analysis: [214  /300  ] 

Transient Analysis: [215  /300  ] 

Transient Analysis: [216  /300  ] 

Transient Analysis: [217  /300  ] 

Transient Analysis: [218  /300  ] 

Transient Analysis: [219  /300  ] 

Transient Analysis: [220  /300  ] 

Transient Analysis: [221  /300  ] 

Transient Analysis: [222  /300  ] 

Transient Analysis: [223  /300  ] 

Transient Analysis: [224  /300  ] 

Transient Analysis: [225  /300  ] 

Transient Analysis: [226  /300  ] 

Transient Analysis: [227  /300  ] 

Transient Analysis: [228  /300  ] 

Transient Analysis: [229  /300  ] 

Transient Analysis: [230  /300  ] 

Transient Analysis: [231  /300  ] 

Transient Analysis: [232  /300  ] 

Transient Analysis: [233  /300  ] 

Transient Analysis: [234  /300  ] 

Transient Analysis: [235  /300  ] 

Transient Analysis: [236  /300  ] 

Transient Analysis: [237  /300  ] 

Transient Analysis: [238  /300  ] 

Transient Analysis: [239  /300  ] 

Transient Analysis: [240  /300  ] 

Transient Analysis: [241  /300  ] 

Transient Analysis: [242  /300  ] 

Transient Analysis: [243  /300  ] 

Transient Analysis: [244  /300  ] 

Transient Analysis: [245  /300  ] 

Transient Analysis: [246  /300  ] 

Transient Analysis: [247  /300  ] 

Transient Analysis: [248  /300  ] 

Transient Analysis: [249  /300  ] 

Transient Analysis: [250  /300  ] 

Transient Analysis: [251  /300  ] 

Transient Analysis: [252  /300  ] 

Transient Analysis: [253  /300  ] 

Transient Analysis: [254  /300  ] 

Transient Analysis: [255  /300  ] 

Transient Analysis: [256  /300  ] 

Transient Analysis: [257  /300  ] 

Transient Analysis: [258  /300  ] 

Transient Analysis: [259  /300  ] 

Transient Analysis: [260  /300  ] 

Transient Analysis: [261  /300  ] 

Transient Analysis: [262  /300  ] 

Transient Analysis: [263  /300  ] 

Transient Analysis: [264  /300  ] 

Transient Analysis: [265  /300  ] 

Transient Analysis: [266  /300  ] 

Transient Analysis: [267  /300  ] 

Transient Analysis: [268  /300  ] 

Transient Analysis: [269  /300  ] 

Transient Analysis: [270  /300  ] 

Transient Analysis: [271  /300  ] 

Transient Analysis: [272  /300  ] 

Transient Analysis: [273  /300  ] 

Transient Analysis: [274  /300  ] 

Transient Analysis: [275  /300  ] 

Transient Analysis: [276  /300  ] 

Transient Analysis: [277  /300  ] 

Transient Analysis: [278  /300  ] 

Transient Analysis: [279  /300  ] 

Transient Analysis: [280  /300  ] 

Transient Analysis: [281  /300  ] 

Transient Analysis: [282  /300  ] 

Transient Analysis: [283  /300  ] 

Transient Analysis: [284  /300  ] 

Transient Analysis: [285  /300  ] 

Transient Analysis: [286  /300  ] 

Transient Analysis: [287  /300  ] 

Transient Analysis: [288  /300  ] 

Transient Analysis: [289  /300  ] 

Transient Analysis: [290  /300  ] 

Transient Analysis: [291  /300  ] 

Transient Analysis: [292  /300  ] 

Transient Analysis: [293  /300  ] 

Transient Analysis: [294  /300  ] 

Transient Analysis: [295  /300  ] 

Transient Analysis: [296  /300  ] 

Transient Analysis: [297  /300  ] 

Transient Analysis: [298  /300  ] 

Transient Analysis: [299  /300  ] 

Transient Analysis: [300  /300  ] 

> Analysis End -------------------------------------------------------------------------------
How polite! Bye, have a nice day!
