                                                               
                                                               
  The Finite Element Interpreter                               
                                                               
  Real ESSI                                                  
  Earthquake Soil Structure Interaction Simulator            
                                                             
  Sequential processing mode.                                
                                                             
Version Name   : Academic Version. Release date: Apr 5 2017 at 10:33:06. Tag: 1135863ed4
Version Branch : yuan
Compile Date   : Apr  5 2017 at 11:35:41
Compile User   : yuan
Compile Sysinfo: cml01 4.4.0-71-generic x86_64 GNU/Linux
Runtime User   : Runtime Sysinfo: Time Now       : Apr 05 2017 at 12:06:48
                                                               
Static startup tips:                                           
 * Remember: Every command ends with a semicolon ';'.          
 * Type 'quit;' or 'exit;' to finish.                          
 * Run 'essi -h' to see available command line options.        
                                                               
Including: "main.fei"


Model name is being set to "imposed"

Including: "add_node.include"

Done including: "add_node.include" (53 lines included).
Continuing with "main.fei" at line 23.

Including: "add_elementLT.include"

Done including: "add_elementLT.include" (13 lines included).
Continuing with "main.fei" at line 25.

Including: "add_constraint.include"

Done including: "add_constraint.include" (112 lines included).
Continuing with "main.fei" at line 27.



Starting new stage: motion

changing previous_stage_name from  to motion

Starting sequential transient multistep analysis
====================================================================================================
Creating analysis model........................................................................Pass!
Checking constraint handler....................................................................Pass!
Checking numberer..............................................................................Pass!
Checking analysis algorithm....................................................................Pass!
Checking system of equation handler............................................................Pass!
Checking transient integration handler.........................................................Pass!
Setting up the DirectIntegrationAnalysis.......................................................Done!



> Analysis Start -----------------------------------------------------------------------------
 
 Writing Initial Conditions and   (0) - Outputting mesh.

Transient Analysis: [    1/20   ] 

Transient Analysis: [2    /20   ] 

Transient Analysis: [3    /20   ] 

Transient Analysis: [4    /20   ] 

Transient Analysis: [5    /20   ] 

Transient Analysis: [6    /20   ] 

Transient Analysis: [7    /20   ] 

Transient Analysis: [8    /20   ] 

Transient Analysis: [9    /20   ] 

Transient Analysis: [10   /20   ] 

Transient Analysis: [11   /20   ] 

Transient Analysis: [12   /20   ] 

Transient Analysis: [13   /20   ] 

Transient Analysis: [14   /20   ] 

Transient Analysis: [15   /20   ] 

Transient Analysis: [16   /20   ] 

Transient Analysis: [17   /20   ] 

Transient Analysis: [18   /20   ] 

Transient Analysis: [19   /20   ] 

Transient Analysis: [20   /20   ] 

> Analysis End -------------------------------------------------------------------------------
How polite! Bye, have a nice day!
