                                                               
                                                               
  The Finite Element Interpreter                               
                                                               
  Real ESSI                                                  
  Earthquake Soil Structure Interaction Simulator            
                                                             
  Sequential processing mode.                                
                                                             
Version Name   : Academic Version. Release date: Apr 5 2017 at 10:33:06. Tag: 1135863ed4
Version Branch : yuan
Compile Date   : Apr  5 2017 at 11:35:41
Compile User   : yuan
Compile Sysinfo: cml01 4.4.0-71-generic x86_64 GNU/Linux
Runtime User   : Runtime Sysinfo: Time Now       : Apr 05 2017 at 12:38:26
                                                               
Static startup tips:                                           
 * Remember: Every command ends with a semicolon ';'.          
 * Type 'quit;' or 'exit;' to finish.                          
 * Run 'essi -h' to see available command line options.        
                                                               
Including: "main.fei"


Model name is being set to "beam_5element"



Starting new stage: Caughey4th-damping

changing previous_stage_name from  to Caughey4th-damping

Starting sequential transient multistep analysis
====================================================================================================
Creating analysis model........................................................................Pass!
Checking constraint handler....................................................................Pass!
Checking numberer..............................................................................Pass!
Checking analysis algorithm....................................................................Pass!
Checking system of equation handler............................................................Pass!
Checking transient integration handler.........................................................Pass!
Setting up the DirectIntegrationAnalysis.......................................................Done!



> Analysis Start -----------------------------------------------------------------------------
 
 Writing Initial Conditions and   (0) - Outputting mesh.

Transient Analysis: [    1/100  ] 

Transient Analysis: [2    /100  ] 

Transient Analysis: [3    /100  ] 

Transient Analysis: [4    /100  ] 

Transient Analysis: [5    /100  ] 

Transient Analysis: [6    /100  ] 

Transient Analysis: [7    /100  ] 

Transient Analysis: [8    /100  ] 

Transient Analysis: [9    /100  ] 

Transient Analysis: [10   /100  ] 

Transient Analysis: [11   /100  ] 

Transient Analysis: [12   /100  ] 

Transient Analysis: [13   /100  ] 

Transient Analysis: [14   /100  ] 

Transient Analysis: [15   /100  ] 

Transient Analysis: [16   /100  ] 

Transient Analysis: [17   /100  ] 

Transient Analysis: [18   /100  ] 

Transient Analysis: [19   /100  ] 

Transient Analysis: [20   /100  ] 

Transient Analysis: [21   /100  ] 

Transient Analysis: [22   /100  ] 

Transient Analysis: [23   /100  ] 

Transient Analysis: [24   /100  ] 

Transient Analysis: [25   /100  ] 

Transient Analysis: [26   /100  ] 

Transient Analysis: [27   /100  ] 

Transient Analysis: [28   /100  ] 

Transient Analysis: [29   /100  ] 

Transient Analysis: [30   /100  ] 

Transient Analysis: [31   /100  ] 

Transient Analysis: [32   /100  ] 

Transient Analysis: [33   /100  ] 

Transient Analysis: [34   /100  ] 

Transient Analysis: [35   /100  ] 

Transient Analysis: [36   /100  ] 

Transient Analysis: [37   /100  ] 

Transient Analysis: [38   /100  ] 

Transient Analysis: [39   /100  ] 

Transient Analysis: [40   /100  ] 

Transient Analysis: [41   /100  ] 

Transient Analysis: [42   /100  ] 

Transient Analysis: [43   /100  ] 

Transient Analysis: [44   /100  ] 

Transient Analysis: [45   /100  ] 

Transient Analysis: [46   /100  ] 

Transient Analysis: [47   /100  ] 

Transient Analysis: [48   /100  ] 

Transient Analysis: [49   /100  ] 

Transient Analysis: [50   /100  ] 

Transient Analysis: [51   /100  ] 

Transient Analysis: [52   /100  ] 

Transient Analysis: [53   /100  ] 

Transient Analysis: [54   /100  ] 

Transient Analysis: [55   /100  ] 

Transient Analysis: [56   /100  ] 

Transient Analysis: [57   /100  ] 

Transient Analysis: [58   /100  ] 

Transient Analysis: [59   /100  ] 

Transient Analysis: [60   /100  ] 

Transient Analysis: [61   /100  ] 

Transient Analysis: [62   /100  ] 

Transient Analysis: [63   /100  ] 

Transient Analysis: [64   /100  ] 

Transient Analysis: [65   /100  ] 

Transient Analysis: [66   /100  ] 

Transient Analysis: [67   /100  ] 

Transient Analysis: [68   /100  ] 

Transient Analysis: [69   /100  ] 

Transient Analysis: [70   /100  ] 

Transient Analysis: [71   /100  ] 

Transient Analysis: [72   /100  ] 

Transient Analysis: [73   /100  ] 

Transient Analysis: [74   /100  ] 

Transient Analysis: [75   /100  ] 

Transient Analysis: [76   /100  ] 

Transient Analysis: [77   /100  ] 

Transient Analysis: [78   /100  ] 

Transient Analysis: [79   /100  ] 

Transient Analysis: [80   /100  ] 

Transient Analysis: [81   /100  ] 

Transient Analysis: [82   /100  ] 

Transient Analysis: [83   /100  ] 

Transient Analysis: [84   /100  ] 

Transient Analysis: [85   /100  ] 

Transient Analysis: [86   /100  ] 

Transient Analysis: [87   /100  ] 

Transient Analysis: [88   /100  ] 

Transient Analysis: [89   /100  ] 

Transient Analysis: [90   /100  ] 

Transient Analysis: [91   /100  ] 

Transient Analysis: [92   /100  ] 

Transient Analysis: [93   /100  ] 

Transient Analysis: [94   /100  ] 

Transient Analysis: [95   /100  ] 

Transient Analysis: [96   /100  ] 

Transient Analysis: [97   /100  ] 

Transient Analysis: [98   /100  ] 

Transient Analysis: [99   /100  ] 

Transient Analysis: [100  /100  ] 

> Analysis End -------------------------------------------------------------------------------
How polite! Bye, have a nice day!
